2022-06-25 00:12:40,688 [INFO] < Trading start >
2022-06-25 00:12:50,829 [INFO] iteration : 1 / last 5 cross_signals : [0, 0, 0, 0, 0]
2022-06-25 00:13:00,953 [INFO] iteration : 2 / last 5 cross_signals : [0, 0, 0, 0, 0]
2022-06-25 00:13:11,079 [INFO] iteration : 3 / last 5 cross_signals : [0, 0, 0, 0, 0]
2022-06-25 00:13:21,244 [INFO] iteration : 4 / last 5 cross_signals : [0, 0, 0, 0, 0]
2022-06-25 00:13:31,361 [INFO] iteration : 5 / last 5 cross_signals : [0, 0, 0, 0, 0]
2022-06-25 00:13:41,489 [INFO] iteration : 6 / last 5 cross_signals : [0, 0, 0, 0, 0]
2022-06-25 00:13:51,748 [INFO] iteration : 7 / last 5 cross_signals : [0, 0, 0, 0, 0]
2022-06-25 00:14:01,895 [INFO] iteration : 8 / last 5 cross_signals : [0, 0, 0, 0, 0]
2022-06-25 00:14:12,075 [INFO] iteration : 9 / last 5 cross_signals : [0, 0, 0, 0, 0]
2022-06-25 00:14:22,185 [INFO] iteration : 10 / last 5 cross_signals : [0, 0, 0, 0, 0]
2022-06-25 00:14:32,308 [INFO] iteration : 11 / last 5 cross_signals : [0, 0, 0, 0, 0]
2022-06-25 00:14:42,462 [INFO] iteration : 12 / last 5 cross_signals : [0, 0, 0, 0, 0]
2022-06-25 00:14:52,599 [INFO] iteration : 13 / last 5 cross_signals : [0, 0, 0, 0, 0]
2022-06-25 00:15:02,717 [INFO] iteration : 14 / last 5 cross_signals : [0, 0, 0, 0, 0]
2022-06-25 00:15:12,833 [INFO] iteration : 15 / last 5 cross_signals : [0, 0, 0, 0, 0]
2022-06-25 00:15:22,943 [INFO] iteration : 16 / last 5 cross_signals : [0, 0, 0, 0, 0]
2022-06-25 00:15:33,070 [INFO] iteration : 17 / last 5 cross_signals : [0, 0, 0, 0, 0]
2022-06-25 00:15:43,198 [INFO] iteration : 18 / last 5 cross_signals : [0, 0, 0, 0, 0]
2022-06-25 00:15:53,358 [INFO] iteration : 19 / last 5 cross_signals : [0, 0, 0, 0, 0]
2022-06-25 00:16:03,486 [INFO] iteration : 20 / last 5 cross_signals : [0, 0, 0, 0, 0]
2022-06-25 00:16:13,615 [INFO] iteration : 21 / last 5 cross_signals : [0, 0, 0, 0, 0]
2022-06-25 00:16:23,764 [INFO] iteration : 22 / last 5 cross_signals : [0, 0, 0, 0, 0]
2022-06-25 00:16:33,891 [INFO] iteration : 23 / last 5 cross_signals : [0, 0, 0, 0, 0]
2022-06-25 00:16:44,084 [INFO] iteration : 24 / last 5 cross_signals : [0, 0, 0, 0, 0]
2022-06-25 00:16:54,189 [INFO] iteration : 25 / last 5 cross_signals : [0, 0, 0, 0, 0]
2022-06-25 00:17:04,338 [INFO] iteration : 26 / last 5 cross_signals : [0, 0, 0, 0, 0]
2022-06-25 00:17:14,465 [INFO] iteration : 27 / last 5 cross_signals : [0, 0, 0, 0, 0]
2022-06-25 00:17:24,619 [INFO] iteration : 28 / last 5 cross_signals : [0, 0, 0, 0, 0]
2022-06-25 00:17:34,750 [INFO] iteration : 29 / last 5 cross_signals : [0, 0, 0, 0, 0]
2022-06-25 00:17:44,882 [INFO] iteration : 30 / last 5 cross_signals : [0, 0, 0, 0, 0]
2022-06-25 00:17:55,060 [INFO] iteration : 31 / last 5 cross_signals : [0, 0, 0, 0, 0]
2022-06-25 00:18:05,196 [INFO] iteration : 32 / last 5 cross_signals : [0, 0, 0, 0, 0]
2022-06-25 00:18:15,321 [INFO] iteration : 33 / last 5 cross_signals : [0, 0, 0, 0, 0]
2022-06-25 00:18:25,438 [INFO] iteration : 34 / last 5 cross_signals : [0, 0, 0, 0, 0]
2022-06-25 00:18:35,548 [INFO] iteration : 35 / last 5 cross_signals : [0, 0, 0, 0, 0]
2022-06-25 00:18:45,676 [INFO] iteration : 36 / last 5 cross_signals : [0, 0, 0, 0, 0]
2022-06-25 00:18:55,795 [INFO] iteration : 37 / last 5 cross_signals : [0, 0, 0, 0, 0]
2022-06-25 00:19:05,918 [INFO] iteration : 38 / last 5 cross_signals : [0, 0, 0, 0, 0]
2022-06-25 00:19:16,054 [INFO] iteration : 39 / last 5 cross_signals : [0, 0, 0, 0, 0]
2022-06-25 00:19:26,186 [INFO] iteration : 40 / last 5 cross_signals : [0, 0, 0, 0, 0]
2022-06-25 00:19:36,315 [INFO] iteration : 41 / last 5 cross_signals : [0, 0, 0, 0, 0]
2022-06-25 00:19:46,478 [INFO] iteration : 42 / last 5 cross_signals : [0, 0, 0, 0, 0]
2022-06-25 00:19:56,633 [INFO] iteration : 43 / last 5 cross_signals : [0, 0, 0, 0, 0]
2022-06-25 00:20:06,752 [INFO] iteration : 44 / last 5 cross_signals : [0, 0, 0, 0, 0]
2022-06-25 00:20:16,877 [INFO] iteration : 45 / last 5 cross_signals : [0, 0, 0, 0, 0]
2022-06-25 00:20:27,037 [INFO] iteration : 46 / last 5 cross_signals : [0, 0, 0, 0, 0]
2022-06-25 00:20:37,183 [INFO] iteration : 47 / last 5 cross_signals : [0, 0, 0, 0, 0]
2022-06-25 00:20:47,330 [INFO] iteration : 48 / last 5 cross_signals : [0, 0, 0, 0, 0]
2022-06-25 00:20:57,487 [INFO] iteration : 49 / last 5 cross_signals : [0, 0, 0, 0, 0]
2022-06-25 00:21:07,647 [INFO] iteration : 50 / last 5 cross_signals : [0, 0, 0, 0, 0]
2022-06-25 00:21:17,791 [INFO] iteration : 51 / last 5 cross_signals : [0, 0, 0, 0, 0]
2022-06-25 00:21:27,913 [INFO] iteration : 52 / last 5 cross_signals : [0, 0, 0, 0, 0]
2022-06-25 00:21:38,035 [INFO] iteration : 53 / last 5 cross_signals : [0, 0, 0, 0, 0]
2022-06-25 00:21:48,201 [INFO] iteration : 54 / last 5 cross_signals : [0, 0, 0, 0, 0]
2022-06-25 00:21:58,316 [INFO] iteration : 55 / last 5 cross_signals : [0, 0, 0, 0, 0]
2022-06-25 00:22:08,450 [INFO] iteration : 56 / last 5 cross_signals : [0, 0, 0, 0, 0]
2022-06-25 00:22:18,600 [INFO] iteration : 57 / last 5 cross_signals : [0, 0, 0, 0, 0]
2022-06-25 00:22:28,757 [INFO] iteration : 58 / last 5 cross_signals : [0, 0, 0, 0, 0]
2022-06-25 00:22:38,895 [INFO] iteration : 59 / last 5 cross_signals : [0, 0, 0, 0, 0]
2022-06-25 00:22:49,052 [INFO] iteration : 60 / last 5 cross_signals : [0, 0, 0, 0, 0]
2022-06-25 00:22:59,216 [INFO] iteration : 61 / last 5 cross_signals : [0, 0, 0, 0, 0]
2022-06-25 00:23:09,349 [INFO] iteration : 62 / last 5 cross_signals : [0, 0, 0, 0, 0]
2022-06-25 00:23:19,505 [INFO] iteration : 63 / last 5 cross_signals : [0, 0, 0, 0, 0]
2022-06-25 00:23:29,637 [INFO] iteration : 64 / last 5 cross_signals : [0, 0, 0, 0, 0]
2022-06-25 00:23:39,769 [INFO] iteration : 65 / last 5 cross_signals : [0, 0, 0, 0, 0]
2022-06-25 00:23:49,926 [INFO] iteration : 66 / last 5 cross_signals : [0, 0, 0, 0, 0]
2022-06-25 00:24:00,077 [INFO] iteration : 67 / last 5 cross_signals : [0, 0, 0, 0, 0]
2022-06-25 00:24:10,200 [INFO] iteration : 68 / last 5 cross_signals : [0, 0, 0, 0, 0]
2022-06-25 00:24:20,325 [INFO] iteration : 69 / last 5 cross_signals : [0, 0, 0, 0, 0]
2022-06-25 00:24:30,462 [INFO] iteration : 70 / last 5 cross_signals : [0, 0, 0, 0, 0]
2022-06-25 00:24:40,586 [INFO] iteration : 71 / last 5 cross_signals : [0, 0, 0, 0, 0]
2022-06-25 00:24:50,738 [INFO] iteration : 72 / last 5 cross_signals : [0, 0, 0, 0, 0]
2022-06-25 00:25:00,876 [INFO] iteration : 73 / last 5 cross_signals : [0, 0, 0, 0, 0]
2022-06-25 00:25:11,032 [INFO] iteration : 74 / last 5 cross_signals : [0, 0, 0, 0, 1]
2022-06-25 00:25:11,033 [INFO]   > Signal 발생 : 1
2022-06-25 00:25:11,036 [INFO]   > 신규 포지션 진입 완료.
2022-06-25 00:25:11,047 [INFO]   > 현재 포지션 정보
    symbol                         open_time open_quote_asset_price position direction close_quote_asset_price                        close_time info ratio
0  BTCUSDT  2022-06-24 15:25:11.033211+00:00           20941.289062     open      long            20941.289062  2022-06-24 15:25:11.033211+00:00    0   1.0
2022-06-25 00:25:23,593 [INFO] iteration : 75 / last 5 cross_signals : [0, 0, 0, 0, 1]
2022-06-25 00:25:23,593 [INFO]   > Signal 발생 : 1
2022-06-25 00:25:23,593 [INFO]   > 최근 포지션 open time : 2022-06-24 15:25:11.033211+00:00 / current : 2022-06-24 15:25:23.593411+00:00
2022-06-25 00:25:23,593 [INFO]   > 최근 0:05:00 분 내 진입한 포지션 있음. (차이 : 0:00:00)
2022-06-25 00:25:33,767 [INFO] iteration : 76 / last 5 cross_signals : [0, 0, 0, 0, 1]
2022-06-25 00:25:33,767 [INFO]   > Signal 발생 : 1
2022-06-25 00:25:33,767 [INFO]   > 최근 포지션 open time : 2022-06-24 15:25:11.033211+00:00 / current : 2022-06-24 15:25:33.767460+00:00
2022-06-25 00:25:33,767 [INFO]   > 최근 0:05:00 분 내 진입한 포지션 있음. (차이 : 0:00:00)
2022-06-25 00:25:43,945 [INFO] iteration : 77 / last 5 cross_signals : [0, 0, 0, 0, 1]
2022-06-25 00:25:43,945 [INFO]   > Signal 발생 : 1
2022-06-25 00:25:43,945 [INFO]   > 최근 포지션 open time : 2022-06-24 15:25:11.033211+00:00 / current : 2022-06-24 15:25:43.945665+00:00
2022-06-25 00:25:43,945 [INFO]   > 최근 0:05:00 분 내 진입한 포지션 있음. (차이 : 0:00:00)
2022-06-25 00:25:54,150 [INFO] iteration : 78 / last 5 cross_signals : [0, 0, 0, 0, 1]
2022-06-25 00:25:54,150 [INFO]   > Signal 발생 : 1
2022-06-25 00:25:54,151 [INFO]   > 최근 포지션 open time : 2022-06-24 15:25:11.033211+00:00 / current : 2022-06-24 15:25:54.150979+00:00
2022-06-25 00:25:54,151 [INFO]   > 최근 0:05:00 분 내 진입한 포지션 있음. (차이 : 0:00:00)
2022-06-25 00:26:04,361 [INFO] iteration : 79 / last 5 cross_signals : [0, 0, 0, 1, 0]
2022-06-25 00:26:14,527 [INFO] iteration : 80 / last 5 cross_signals : [0, 0, 0, 1, 0]
2022-06-25 00:26:24,727 [INFO] iteration : 81 / last 5 cross_signals : [0, 0, 0, 1, 0]
2022-06-25 00:26:34,896 [INFO] iteration : 82 / last 5 cross_signals : [0, 0, 0, 1, 0]
2022-06-25 00:26:45,112 [INFO] iteration : 83 / last 5 cross_signals : [0, 0, 0, 1, 0]
2022-06-25 00:26:55,447 [INFO] iteration : 84 / last 5 cross_signals : [0, 0, 0, 1, 0]
2022-06-25 00:27:05,664 [INFO] iteration : 85 / last 5 cross_signals : [0, 0, 1, 0, 0]
2022-06-25 00:27:15,851 [INFO] iteration : 86 / last 5 cross_signals : [0, 0, 1, 0, 0]
2022-06-25 00:27:26,026 [INFO] iteration : 87 / last 5 cross_signals : [0, 0, 1, 0, 0]
2022-06-25 00:27:36,202 [INFO] iteration : 88 / last 5 cross_signals : [0, 0, 1, 0, 0]
2022-06-25 00:27:46,506 [INFO] iteration : 89 / last 5 cross_signals : [0, 0, 1, 0, 0]
2022-06-25 00:27:56,710 [INFO] iteration : 90 / last 5 cross_signals : [0, 0, 1, 0, 0]
2022-06-25 00:28:06,922 [INFO] iteration : 91 / last 5 cross_signals : [0, 1, 0, 0, 0]
2022-06-25 00:28:17,133 [INFO] iteration : 92 / last 5 cross_signals : [0, 1, 0, 0, 0]
2022-06-25 00:28:17,180 [INFO]   > position index(0) 포지션 종료. 포지션 지속기간 초과.
2022-06-25 00:28:27,337 [INFO] iteration : 93 / last 5 cross_signals : [0, 1, 0, 0, 0]
2022-06-25 00:28:37,507 [INFO] iteration : 94 / last 5 cross_signals : [0, 1, 0, 0, 0]
2022-06-25 00:28:47,784 [INFO] iteration : 95 / last 5 cross_signals : [0, 1, 0, 0, 0]
2022-06-25 00:28:57,984 [INFO] iteration : 96 / last 5 cross_signals : [0, 1, 0, 0, 0]
2022-06-25 00:29:08,194 [INFO] iteration : 97 / last 5 cross_signals : [1, 0, 0, 0, 0]
2022-06-25 00:29:18,393 [INFO] iteration : 98 / last 5 cross_signals : [1, 0, 0, 0, 0]
2022-06-25 00:29:28,573 [INFO] iteration : 99 / last 5 cross_signals : [1, 0, 0, 0, 0]
2022-06-25 00:29:38,761 [INFO] iteration : 100 / last 5 cross_signals : [1, 0, 0, 0, 0]
2022-06-25 00:29:48,972 [INFO] iteration : 101 / last 5 cross_signals : [1, 0, 0, 0, 0]
2022-06-25 00:29:59,148 [INFO] iteration : 102 / last 5 cross_signals : [1, 0, 0, 0, 0]
2022-06-25 00:30:09,331 [INFO] iteration : 103 / last 5 cross_signals : [0, 0, 0, 0, 0]
2022-06-25 00:30:19,603 [INFO] iteration : 104 / last 5 cross_signals : [0, 0, 0, 0, 0]
2022-06-25 00:30:29,796 [INFO] iteration : 105 / last 5 cross_signals : [0, 0, 0, 0, 0]
2022-06-25 00:30:39,979 [INFO] iteration : 106 / last 5 cross_signals : [0, 0, 0, 0, 0]
2022-06-25 00:30:50,157 [INFO] iteration : 107 / last 5 cross_signals : [0, 0, 0, 0, 0]
2022-06-25 00:31:00,339 [INFO] iteration : 108 / last 5 cross_signals : [0, 0, 0, 0, 0]
2022-06-25 00:31:10,520 [INFO] iteration : 109 / last 5 cross_signals : [0, 0, 0, 0, 0]
2022-06-25 00:31:20,693 [INFO] iteration : 110 / last 5 cross_signals : [0, 0, 0, 0, 0]
2022-06-25 00:31:30,891 [INFO] iteration : 111 / last 5 cross_signals : [0, 0, 0, 0, 0]
2022-06-25 00:31:41,076 [INFO] iteration : 112 / last 5 cross_signals : [0, 0, 0, 0, 0]
2022-06-25 00:31:51,255 [INFO] iteration : 113 / last 5 cross_signals : [0, 0, 0, 0, 0]
2022-06-25 00:32:01,435 [INFO] iteration : 114 / last 5 cross_signals : [0, 0, 0, 0, 0]
2022-06-25 00:32:11,609 [INFO] iteration : 115 / last 5 cross_signals : [0, 0, 0, 0, 0]
2022-06-25 00:32:21,821 [INFO] iteration : 116 / last 5 cross_signals : [0, 0, 0, 0, 0]
2022-06-25 00:32:32,030 [INFO] iteration : 117 / last 5 cross_signals : [0, 0, 0, 0, 0]
2022-06-25 00:32:42,234 [INFO] iteration : 118 / last 5 cross_signals : [0, 0, 0, 0, 0]
2022-06-25 00:32:52,443 [INFO] iteration : 119 / last 5 cross_signals : [0, 0, 0, 0, 0]
2022-06-25 00:33:02,807 [INFO] iteration : 120 / last 5 cross_signals : [0, 0, 0, 0, 0]
2022-06-25 00:33:12,987 [INFO] iteration : 121 / last 5 cross_signals : [0, 0, 0, 0, -1]
2022-06-25 00:33:12,987 [INFO]   > Signal 발생 : -1
2022-06-25 00:33:12,987 [INFO]   > 최근 포지션 open time : 2022-06-24 15:25:11.033211+00:00 / current : 2022-06-24 15:33:12.987652+00:00
2022-06-25 00:33:12,988 [INFO]   > 신규 포지션 진입 완료.
2022-06-25 00:33:12,992 [INFO]   > 현재 포지션 정보
    symbol                         open_time open_quote_asset_price position direction close_quote_asset_price                        close_time info     ratio
0  BTCUSDT  2022-06-24 15:25:11.033211+00:00           20941.289062   closed      long                20947.38  2022-06-24 15:28:17.232000+00:00    0  1.000291
1  BTCUSDT  2022-06-24 15:33:12.987767+00:00           20951.130859     open     short            20951.130859  2022-06-24 15:33:12.987767+00:00    0       1.0
2022-06-25 00:33:23,715 [INFO] iteration : 122 / last 5 cross_signals : [0, 0, 0, 0, -1]
2022-06-25 00:33:23,715 [INFO]   > Signal 발생 : -1
2022-06-25 00:33:23,715 [INFO]   > 최근 포지션 open time : 2022-06-24 15:33:12.987767+00:00 / current : 2022-06-24 15:33:23.715547+00:00
2022-06-25 00:33:23,715 [INFO]   > 최근 0:05:00 분 내 진입한 포지션 있음. (차이 : 0:00:00)
2022-06-25 00:33:33,901 [INFO] iteration : 123 / last 5 cross_signals : [0, 0, 0, 0, -1]
2022-06-25 00:33:33,901 [INFO]   > Signal 발생 : -1
2022-06-25 00:33:33,901 [INFO]   > 최근 포지션 open time : 2022-06-24 15:33:12.987767+00:00 / current : 2022-06-24 15:33:33.901398+00:00
2022-06-25 00:33:33,901 [INFO]   > 최근 0:05:00 분 내 진입한 포지션 있음. (차이 : 0:00:00)
2022-06-25 00:33:44,080 [INFO] iteration : 124 / last 5 cross_signals : [0, 0, 0, 0, -1]
2022-06-25 00:33:44,080 [INFO]   > Signal 발생 : -1
2022-06-25 00:33:44,080 [INFO]   > 최근 포지션 open time : 2022-06-24 15:33:12.987767+00:00 / current : 2022-06-24 15:33:44.080302+00:00
2022-06-25 00:33:44,080 [INFO]   > 최근 0:05:00 분 내 진입한 포지션 있음. (차이 : 0:00:00)
2022-06-25 00:33:54,281 [INFO] iteration : 125 / last 5 cross_signals : [0, 0, 0, 0, -1]
2022-06-25 00:33:54,281 [INFO]   > Signal 발생 : -1
2022-06-25 00:33:54,281 [INFO]   > 최근 포지션 open time : 2022-06-24 15:33:12.987767+00:00 / current : 2022-06-24 15:33:54.281501+00:00
2022-06-25 00:33:54,281 [INFO]   > 최근 0:05:00 분 내 진입한 포지션 있음. (차이 : 0:00:00)
2022-06-25 00:34:04,600 [INFO] iteration : 126 / last 5 cross_signals : [0, 0, 0, -1, 0]
2022-06-25 00:34:14,813 [INFO] iteration : 127 / last 5 cross_signals : [0, 0, 0, -1, 0]
2022-06-25 00:34:24,993 [INFO] iteration : 128 / last 5 cross_signals : [0, 0, 0, -1, 0]
2022-06-25 00:34:35,167 [INFO] iteration : 129 / last 5 cross_signals : [0, 0, 0, -1, 0]
2022-06-25 00:34:45,379 [INFO] iteration : 130 / last 5 cross_signals : [0, 0, 0, -1, 0]
2022-06-25 00:34:55,585 [INFO] iteration : 131 / last 5 cross_signals : [0, 0, 0, -1, 0]
2022-06-25 00:35:05,797 [INFO] iteration : 132 / last 5 cross_signals : [0, 0, -1, 0, 0]
2022-06-25 00:35:15,991 [INFO] iteration : 133 / last 5 cross_signals : [0, 0, -1, 0, 0]
2022-06-25 00:35:26,207 [INFO] iteration : 134 / last 5 cross_signals : [0, 0, -1, 0, 0]
2022-06-25 00:35:36,387 [INFO] iteration : 135 / last 5 cross_signals : [0, 0, -1, 0, 0]
2022-06-25 00:35:46,600 [INFO] iteration : 136 / last 5 cross_signals : [0, 0, -1, 0, 0]
2022-06-25 00:35:56,808 [INFO] iteration : 137 / last 5 cross_signals : [0, 0, -1, 0, 0]
2022-06-25 00:36:07,032 [INFO] iteration : 138 / last 5 cross_signals : [0, -1, 0, 0, 0]
2022-06-25 00:36:17,246 [INFO] iteration : 139 / last 5 cross_signals : [0, -1, 0, 0, 0]
2022-06-25 00:36:17,295 [INFO]   > position index(1) 포지션 종료. 포지션 지속기간 초과.
2022-06-25 00:36:27,432 [INFO] iteration : 140 / last 5 cross_signals : [0, -1, 0, 0, 0]
2022-06-25 00:36:37,609 [INFO] iteration : 141 / last 5 cross_signals : [0, -1, 0, 0, 0]
2022-06-25 00:36:47,787 [INFO] iteration : 142 / last 5 cross_signals : [0, -1, 0, 0, 0]
2022-06-25 00:36:57,999 [INFO] iteration : 143 / last 5 cross_signals : [0, -1, 0, 0, 0]
2022-06-25 00:37:08,169 [INFO] iteration : 144 / last 5 cross_signals : [-1, 0, 0, 0, 0]
2022-06-25 00:37:18,390 [INFO] iteration : 145 / last 5 cross_signals : [-1, 0, 0, 0, 0]
2022-06-25 00:37:28,602 [INFO] iteration : 146 / last 5 cross_signals : [-1, 0, 0, 0, 0]
2022-06-25 00:37:38,777 [INFO] iteration : 147 / last 5 cross_signals : [-1, 0, 0, 0, 0]
2022-06-25 00:37:48,955 [INFO] iteration : 148 / last 5 cross_signals : [-1, 0, 0, 0, 0]
2022-06-25 00:37:59,173 [INFO] iteration : 149 / last 5 cross_signals : [-1, 0, 0, 0, 0]
2022-06-25 00:38:09,348 [INFO] iteration : 150 / last 5 cross_signals : [0, 0, 0, 0, 0]
2022-06-25 00:38:19,552 [INFO] iteration : 151 / last 5 cross_signals : [0, 0, 0, 0, 0]
2022-06-25 00:38:29,758 [INFO] iteration : 152 / last 5 cross_signals : [0, 0, 0, 0, 0]
2022-06-25 00:38:39,930 [INFO] iteration : 153 / last 5 cross_signals : [0, 0, 0, 0, 0]
2022-06-25 00:38:50,140 [INFO] iteration : 154 / last 5 cross_signals : [0, 0, 0, 0, 0]
2022-06-25 00:39:00,362 [INFO] iteration : 155 / last 5 cross_signals : [0, 0, 0, 0, 0]
2022-06-25 00:39:10,568 [INFO] iteration : 156 / last 5 cross_signals : [0, 0, 0, 0, 0]
2022-06-25 00:39:20,774 [INFO] iteration : 157 / last 5 cross_signals : [0, 0, 0, 0, 0]
2022-06-25 00:39:30,952 [INFO] iteration : 158 / last 5 cross_signals : [0, 0, 0, 0, 0]
2022-06-25 00:39:41,125 [INFO] iteration : 159 / last 5 cross_signals : [0, 0, 0, 0, 0]
2022-06-25 00:39:51,331 [INFO] iteration : 160 / last 5 cross_signals : [0, 0, 0, 0, 0]
2022-06-25 00:40:01,609 [INFO] iteration : 161 / last 5 cross_signals : [0, 0, 0, 0, 0]
2022-06-25 00:40:11,793 [INFO] iteration : 162 / last 5 cross_signals : [0, 0, 0, 0, 0]
2022-06-25 00:40:21,975 [INFO] iteration : 163 / last 5 cross_signals : [0, 0, 0, 0, 0]
2022-06-25 00:40:32,283 [INFO] iteration : 164 / last 5 cross_signals : [0, 0, 0, 0, 0]
2022-06-25 00:40:42,502 [INFO] iteration : 165 / last 5 cross_signals : [0, 0, 0, 0, 0]
2022-06-25 00:40:52,687 [INFO] iteration : 166 / last 5 cross_signals : [0, 0, 0, 0, 0]
2022-06-25 00:41:02,868 [INFO] iteration : 167 / last 5 cross_signals : [0, 0, 0, 0, 0]
2022-06-25 00:41:13,077 [INFO] iteration : 168 / last 5 cross_signals : [0, 0, 0, 0, 0]
2022-06-25 00:41:23,294 [INFO] iteration : 169 / last 5 cross_signals : [0, 0, 0, 0, 0]
2022-06-25 00:41:33,470 [INFO] iteration : 170 / last 5 cross_signals : [0, 0, 0, 0, 0]
2022-06-25 00:41:43,654 [INFO] iteration : 171 / last 5 cross_signals : [0, 0, 0, 0, 0]
2022-06-25 00:41:53,868 [INFO] iteration : 172 / last 5 cross_signals : [0, 0, 0, 0, 0]
2022-06-25 00:42:04,179 [INFO] iteration : 173 / last 5 cross_signals : [0, 0, 0, 0, 0]
2022-06-25 00:42:14,388 [INFO] iteration : 174 / last 5 cross_signals : [0, 0, 0, 0, 0]
2022-06-25 00:42:24,586 [INFO] iteration : 175 / last 5 cross_signals : [0, 0, 0, 0, 0]
2022-06-25 00:42:34,814 [INFO] iteration : 176 / last 5 cross_signals : [0, 0, 0, 0, 0]
2022-06-25 00:42:45,020 [INFO] iteration : 177 / last 5 cross_signals : [0, 0, 0, 0, 0]
2022-06-25 00:42:55,196 [INFO] iteration : 178 / last 5 cross_signals : [0, 0, 0, 0, 0]
2022-06-25 00:43:05,410 [INFO] iteration : 179 / last 5 cross_signals : [0, 0, 0, 0, 1]
2022-06-25 00:43:05,410 [INFO]   > Signal 발생 : 1
2022-06-25 00:43:05,410 [INFO]   > 최근 포지션 open time : 2022-06-24 15:33:12.987767+00:00 / current : 2022-06-24 15:43:05.410800+00:00
2022-06-25 00:43:05,413 [INFO]   > 신규 포지션 진입 완료.
2022-06-25 00:43:05,419 [INFO]   > 현재 포지션 정보
    symbol                         open_time open_quote_asset_price position direction close_quote_asset_price                        close_time info     ratio
0  BTCUSDT  2022-06-24 15:25:11.033211+00:00           20941.289062   closed      long                20947.38  2022-06-24 15:28:17.232000+00:00    0  1.000291
1  BTCUSDT  2022-06-24 15:33:12.987767+00:00           20951.130859   closed     short                20964.29  2022-06-24 15:36:16.465000+00:00    0  1.000628
2  BTCUSDT  2022-06-24 15:43:05.410995+00:00           20889.619141     open      long            20889.619141  2022-06-24 15:43:05.410995+00:00    0       1.0
2022-06-25 00:43:16,211 [INFO] iteration : 180 / last 5 cross_signals : [0, 0, 0, 0, 1]
2022-06-25 00:43:16,211 [INFO]   > Signal 발생 : 1
2022-06-25 00:43:16,211 [INFO]   > 최근 포지션 open time : 2022-06-24 15:43:05.410995+00:00 / current : 2022-06-24 15:43:16.211873+00:00
2022-06-25 00:43:16,212 [INFO]   > 최근 0:05:00 분 내 진입한 포지션 있음. (차이 : 0:00:00)
2022-06-25 00:43:26,439 [INFO] iteration : 181 / last 5 cross_signals : [0, 0, 0, 0, 1]
2022-06-25 00:43:26,439 [INFO]   > Signal 발생 : 1
2022-06-25 00:43:26,439 [INFO]   > 최근 포지션 open time : 2022-06-24 15:43:05.410995+00:00 / current : 2022-06-24 15:43:26.439622+00:00
2022-06-25 00:43:26,439 [INFO]   > 최근 0:05:00 분 내 진입한 포지션 있음. (차이 : 0:00:00)
2022-06-25 00:43:36,647 [INFO] iteration : 182 / last 5 cross_signals : [0, 0, 0, 0, 1]
2022-06-25 00:43:36,647 [INFO]   > Signal 발생 : 1
2022-06-25 00:43:36,647 [INFO]   > 최근 포지션 open time : 2022-06-24 15:43:05.410995+00:00 / current : 2022-06-24 15:43:36.647401+00:00
2022-06-25 00:43:36,647 [INFO]   > 최근 0:05:00 분 내 진입한 포지션 있음. (차이 : 0:00:00)
2022-06-25 00:43:46,852 [INFO] iteration : 183 / last 5 cross_signals : [0, 0, 0, 0, 1]
2022-06-25 00:43:46,853 [INFO]   > Signal 발생 : 1
2022-06-25 00:43:46,853 [INFO]   > 최근 포지션 open time : 2022-06-24 15:43:05.410995+00:00 / current : 2022-06-24 15:43:46.853267+00:00
2022-06-25 00:43:46,853 [INFO]   > 최근 0:05:00 분 내 진입한 포지션 있음. (차이 : 0:00:00)
2022-06-25 00:44:00,265 [INFO] iteration : 184 / last 5 cross_signals : [0, 0, 0, 0, 1]
2022-06-25 00:44:00,265 [INFO]   > Signal 발생 : 1
2022-06-25 00:44:00,265 [INFO]   > 최근 포지션 open time : 2022-06-24 15:43:05.410995+00:00 / current : 2022-06-24 15:44:00.265754+00:00
2022-06-25 00:44:00,265 [INFO]   > 최근 0:05:00 분 내 진입한 포지션 있음. (차이 : 0:01:00)
2022-06-25 00:44:10,511 [INFO] iteration : 185 / last 5 cross_signals : [0, 0, 0, 1, 0]
2022-06-25 00:44:20,812 [INFO] iteration : 186 / last 5 cross_signals : [0, 0, 0, 1, 0]
2022-06-25 00:44:31,131 [INFO] iteration : 187 / last 5 cross_signals : [0, 0, 0, 1, 0]
