2022-06-30 23:38:48,208 [INFO] < Trading start >
2022-06-30 23:38:58,322 [INFO] iteration : 1 / last 5 cross_signals : [0, 0, 0, 0, 0]
2022-06-30 23:39:08,421 [INFO] iteration : 2 / last 5 cross_signals : [0, 0, 0, 0, -1]
2022-06-30 23:39:08,422 [INFO]   > Signal 발생 : -1
2022-06-30 23:39:08,424 [INFO]   > 신규 포지션 진입 완료.
2022-06-30 23:39:08,432 [INFO]   > 현재 포지션 정보
    symbol                         open_time open_quote_asset_price position direction close_quote_asset_price                        close_time info ratio
0  BTCUSDT  2022-06-30 14:39:08.422156+00:00           19022.349609     open     short            19022.349609  2022-06-30 14:39:08.422156+00:00    0   1.0
2022-06-30 23:39:19,786 [INFO] iteration : 3 / last 5 cross_signals : [0, 0, 0, 0, -1]
2022-06-30 23:39:19,786 [INFO]   > Signal 발생 : -1
2022-06-30 23:39:19,787 [INFO]   > 최근 포지션 open time : 2022-06-30 14:39:08.422156+00:00 / current : 2022-06-30 14:39:19.786888+00:00
2022-06-30 23:39:19,787 [INFO]   > 최근 0:05:00 분 내 진입한 포지션 있음. (차이 : 0:00:00)
2022-06-30 23:39:29,942 [INFO] iteration : 4 / last 5 cross_signals : [0, 0, 0, 0, -1]
2022-06-30 23:39:29,942 [INFO]   > Signal 발생 : -1
2022-06-30 23:39:29,942 [INFO]   > 최근 포지션 open time : 2022-06-30 14:39:08.422156+00:00 / current : 2022-06-30 14:39:29.942857+00:00
2022-06-30 23:39:29,943 [INFO]   > 최근 0:05:00 분 내 진입한 포지션 있음. (차이 : 0:00:00)
2022-06-30 23:39:40,093 [INFO] iteration : 5 / last 5 cross_signals : [0, 0, 0, 0, -1]
2022-06-30 23:39:40,094 [INFO]   > Signal 발생 : -1
2022-06-30 23:39:40,094 [INFO]   > 최근 포지션 open time : 2022-06-30 14:39:08.422156+00:00 / current : 2022-06-30 14:39:40.093988+00:00
2022-06-30 23:39:40,094 [INFO]   > 최근 0:05:00 분 내 진입한 포지션 있음. (차이 : 0:00:00)
2022-06-30 23:39:50,244 [INFO] iteration : 6 / last 5 cross_signals : [0, 0, 0, 0, -1]
2022-06-30 23:39:50,244 [INFO]   > Signal 발생 : -1
2022-06-30 23:39:50,244 [INFO]   > 최근 포지션 open time : 2022-06-30 14:39:08.422156+00:00 / current : 2022-06-30 14:39:50.244339+00:00
2022-06-30 23:39:50,244 [INFO]   > 최근 0:05:00 분 내 진입한 포지션 있음. (차이 : 0:00:00)
2022-06-30 23:40:00,447 [INFO] iteration : 7 / last 5 cross_signals : [0, 0, 0, 0, -1]
2022-06-30 23:40:00,447 [INFO]   > Signal 발생 : -1
2022-06-30 23:40:00,447 [INFO]   > 최근 포지션 open time : 2022-06-30 14:39:08.422156+00:00 / current : 2022-06-30 14:40:00.447388+00:00
2022-06-30 23:40:00,447 [INFO]   > 최근 0:05:00 분 내 진입한 포지션 있음. (차이 : 0:01:00)
2022-06-30 23:40:10,655 [INFO] iteration : 8 / last 5 cross_signals : [0, 0, 0, -1, 0]
2022-06-30 23:40:20,836 [INFO] iteration : 9 / last 5 cross_signals : [0, 0, 0, -1, 0]
2022-06-30 23:40:31,018 [INFO] iteration : 10 / last 5 cross_signals : [0, 0, 0, -1, 0]
2022-06-30 23:40:41,156 [INFO] iteration : 11 / last 5 cross_signals : [0, 0, 0, -1, 0]
2022-06-30 23:40:51,338 [INFO] iteration : 12 / last 5 cross_signals : [0, 0, 0, -1, 0]
2022-06-30 23:41:01,501 [INFO] iteration : 13 / last 5 cross_signals : [0, 0, -1, 0, 0]
2022-06-30 23:41:11,651 [INFO] iteration : 14 / last 5 cross_signals : [0, 0, -1, 0, 0]
2022-06-30 23:41:21,803 [INFO] iteration : 15 / last 5 cross_signals : [0, 0, -1, 0, 0]
2022-06-30 23:41:31,953 [INFO] iteration : 16 / last 5 cross_signals : [0, 0, -1, 0, 0]
2022-06-30 23:41:42,141 [INFO] iteration : 17 / last 5 cross_signals : [0, 0, -1, 0, 0]
2022-06-30 23:41:52,346 [INFO] iteration : 18 / last 5 cross_signals : [0, 0, -1, 0, 0]
2022-06-30 23:42:02,549 [INFO] iteration : 19 / last 5 cross_signals : [0, -1, 0, 0, 0]
2022-06-30 23:42:12,762 [INFO] iteration : 20 / last 5 cross_signals : [0, -1, 0, 0, 0]
2022-06-30 23:42:12,811 [INFO]   > position index(0) 포지션 종료. 포지션 지속기간 초과.
2022-06-30 23:42:22,985 [INFO] iteration : 21 / last 5 cross_signals : [0, -1, 0, 0, 0]
2022-06-30 23:42:33,148 [INFO] iteration : 22 / last 5 cross_signals : [0, -1, 0, 0, 0]
2022-06-30 23:42:43,436 [INFO] iteration : 23 / last 5 cross_signals : [0, -1, 0, 0, 0]
2022-06-30 23:42:53,646 [INFO] iteration : 24 / last 5 cross_signals : [0, -1, 0, 0, 0]
2022-06-30 23:43:03,960 [INFO] iteration : 25 / last 5 cross_signals : [-1, 0, 0, 0, 0]
2022-06-30 23:43:14,186 [INFO] iteration : 26 / last 5 cross_signals : [-1, 0, 0, 0, 0]
2022-06-30 23:43:24,385 [INFO] iteration : 27 / last 5 cross_signals : [-1, 0, 0, 0, 0]
2022-06-30 23:43:34,578 [INFO] iteration : 28 / last 5 cross_signals : [-1, 0, 0, 0, 0]
2022-06-30 23:43:44,766 [INFO] iteration : 29 / last 5 cross_signals : [-1, 0, 0, 0, 0]
2022-06-30 23:43:54,931 [INFO] iteration : 30 / last 5 cross_signals : [-1, 0, 0, 0, 0]
2022-06-30 23:44:05,112 [INFO] iteration : 31 / last 5 cross_signals : [0, 0, 0, 0, 0]
2022-06-30 23:44:15,359 [INFO] iteration : 32 / last 5 cross_signals : [0, 0, 0, 0, 0]
2022-06-30 23:44:25,568 [INFO] iteration : 33 / last 5 cross_signals : [0, 0, 0, 0, 0]
2022-06-30 23:44:35,875 [INFO] iteration : 34 / last 5 cross_signals : [0, 0, 0, 0, 0]
2022-06-30 23:44:46,084 [INFO] iteration : 35 / last 5 cross_signals : [0, 0, 0, 0, 0]
2022-06-30 23:44:56,222 [INFO] iteration : 36 / last 5 cross_signals : [0, 0, 0, 0, 0]
2022-06-30 23:45:06,411 [INFO] iteration : 37 / last 5 cross_signals : [0, 0, 0, 0, 0]
2022-06-30 23:45:16,603 [INFO] iteration : 38 / last 5 cross_signals : [0, 0, 0, 0, 0]
2022-06-30 23:45:26,761 [INFO] iteration : 39 / last 5 cross_signals : [0, 0, 0, 0, 1]
2022-06-30 23:45:26,762 [INFO]   > Signal 발생 : 1
2022-06-30 23:45:26,762 [INFO]   > 최근 포지션 open time : 2022-06-30 14:39:08.422156+00:00 / current : 2022-06-30 14:45:26.762020+00:00
2022-06-30 23:45:26,764 [INFO]   > 신규 포지션 진입 완료.
2022-06-30 23:45:26,775 [INFO]   > 현재 포지션 정보
    symbol                         open_time open_quote_asset_price  ...                        close_time info     ratio
0  BTCUSDT  2022-06-30 14:39:08.422156+00:00           19022.349609  ...  2022-06-30 14:42:12.756000+00:00    0  0.999719
1  BTCUSDT  2022-06-30 14:45:26.762223+00:00           19038.609375  ...  2022-06-30 14:45:26.762223+00:00    0       1.0

[2 rows x 9 columns]
2022-06-30 23:45:37,533 [INFO] iteration : 40 / last 5 cross_signals : [0, 0, 0, 0, 1]
2022-06-30 23:45:37,533 [INFO]   > Signal 발생 : 1
2022-06-30 23:45:37,533 [INFO]   > 최근 포지션 open time : 2022-06-30 14:45:26.762223+00:00 / current : 2022-06-30 14:45:37.533357+00:00
2022-06-30 23:45:37,533 [INFO]   > 최근 0:05:00 분 내 진입한 포지션 있음. (차이 : 0:00:00)
2022-06-30 23:45:47,702 [INFO] iteration : 41 / last 5 cross_signals : [0, 0, 0, 0, 1]
2022-06-30 23:45:47,702 [INFO]   > Signal 발생 : 1
2022-06-30 23:45:47,703 [INFO]   > 최근 포지션 open time : 2022-06-30 14:45:26.762223+00:00 / current : 2022-06-30 14:45:47.702902+00:00
2022-06-30 23:45:47,703 [INFO]   > 최근 0:05:00 분 내 진입한 포지션 있음. (차이 : 0:00:00)
2022-06-30 23:45:57,876 [INFO] iteration : 42 / last 5 cross_signals : [0, 0, 0, 0, 1]
2022-06-30 23:45:57,876 [INFO]   > Signal 발생 : 1
2022-06-30 23:45:57,876 [INFO]   > 최근 포지션 open time : 2022-06-30 14:45:26.762223+00:00 / current : 2022-06-30 14:45:57.876551+00:00
2022-06-30 23:45:57,876 [INFO]   > 최근 0:05:00 분 내 진입한 포지션 있음. (차이 : 0:00:00)
2022-06-30 23:46:08,090 [INFO] iteration : 43 / last 5 cross_signals : [0, 0, 0, 1, 0]
2022-06-30 23:46:18,396 [INFO] iteration : 44 / last 5 cross_signals : [0, 0, 0, 1, 0]
2022-06-30 23:46:28,576 [INFO] iteration : 45 / last 5 cross_signals : [0, 0, 0, 1, 0]
2022-06-30 23:46:38,783 [INFO] iteration : 46 / last 5 cross_signals : [0, 0, 0, 1, 0]
2022-06-30 23:46:48,963 [INFO] iteration : 47 / last 5 cross_signals : [0, 0, 0, 1, 0]
2022-06-30 23:46:59,166 [INFO] iteration : 48 / last 5 cross_signals : [0, 0, 0, 1, 0]
2022-06-30 23:47:09,452 [INFO] iteration : 49 / last 5 cross_signals : [0, 0, 1, 0, 0]
2022-06-30 23:47:19,656 [INFO] iteration : 50 / last 5 cross_signals : [0, 0, 1, 0, 0]
2022-06-30 23:47:29,821 [INFO] iteration : 51 / last 5 cross_signals : [0, 0, 1, 0, 0]
2022-06-30 23:47:39,986 [INFO] iteration : 52 / last 5 cross_signals : [0, 0, 1, 0, 0]
2022-06-30 23:47:50,202 [INFO] iteration : 53 / last 5 cross_signals : [0, 0, 1, 0, 0]
2022-06-30 23:48:00,391 [INFO] iteration : 54 / last 5 cross_signals : [0, 0, 1, 0, 0]
2022-06-30 23:48:10,575 [INFO] iteration : 55 / last 5 cross_signals : [0, 1, 0, 0, 0]
2022-06-30 23:48:20,889 [INFO] iteration : 56 / last 5 cross_signals : [0, 1, 0, 0, 0]
2022-06-30 23:48:31,073 [INFO] iteration : 57 / last 5 cross_signals : [0, 1, 0, 0, 0]
2022-06-30 23:48:31,120 [INFO]   > position index(1) 포지션 종료. 포지션 지속기간 초과.
2022-06-30 23:48:41,222 [INFO] iteration : 58 / last 5 cross_signals : [0, 1, 0, 0, 0]
2022-06-30 23:48:51,370 [INFO] iteration : 59 / last 5 cross_signals : [0, 1, 0, 0, 0]
2022-06-30 23:49:01,554 [INFO] iteration : 60 / last 5 cross_signals : [1, 0, 0, 0, 0]
2022-06-30 23:49:11,738 [INFO] iteration : 61 / last 5 cross_signals : [1, 0, 0, 0, 0]
2022-06-30 23:49:21,925 [INFO] iteration : 62 / last 5 cross_signals : [1, 0, 0, 0, 0]
2022-06-30 23:49:32,074 [INFO] iteration : 63 / last 5 cross_signals : [1, 0, 0, 0, 0]
2022-06-30 23:49:42,269 [INFO] iteration : 64 / last 5 cross_signals : [1, 0, 0, 0, 0]
2022-06-30 23:49:52,451 [INFO] iteration : 65 / last 5 cross_signals : [1, 0, 0, 0, 0]
2022-06-30 23:50:02,632 [INFO] iteration : 66 / last 5 cross_signals : [0, 0, 0, 0, 0]
2022-06-30 23:50:12,819 [INFO] iteration : 67 / last 5 cross_signals : [0, 0, 0, 0, 0]
2022-06-30 23:50:23,102 [INFO] iteration : 68 / last 5 cross_signals : [0, 0, 0, 0, 0]
2022-06-30 23:50:33,272 [INFO] iteration : 69 / last 5 cross_signals : [0, 0, 0, 0, 0]
2022-06-30 23:50:43,450 [INFO] iteration : 70 / last 5 cross_signals : [0, 0, 0, 0, 0]
2022-06-30 23:50:53,607 [INFO] iteration : 71 / last 5 cross_signals : [0, 0, 0, 0, 0]
2022-06-30 23:51:03,758 [INFO] iteration : 72 / last 5 cross_signals : [0, 0, 0, 0, 0]
2022-06-30 23:51:13,940 [INFO] iteration : 73 / last 5 cross_signals : [0, 0, 0, 0, 0]
2022-06-30 23:51:24,099 [INFO] iteration : 74 / last 5 cross_signals : [0, 0, 0, 0, 0]
2022-06-30 23:51:34,251 [INFO] iteration : 75 / last 5 cross_signals : [0, 0, 0, 0, 0]
2022-06-30 23:51:44,410 [INFO] iteration : 76 / last 5 cross_signals : [0, 0, 0, 0, 0]
2022-06-30 23:51:54,603 [INFO] iteration : 77 / last 5 cross_signals : [0, 0, 0, 0, 0]
2022-06-30 23:52:04,764 [INFO] iteration : 78 / last 5 cross_signals : [0, 0, 0, 0, 0]
2022-06-30 23:52:14,936 [INFO] iteration : 79 / last 5 cross_signals : [0, 0, 0, 0, 0]
2022-06-30 23:52:25,122 [INFO] iteration : 80 / last 5 cross_signals : [0, 0, 0, 0, 0]
2022-06-30 23:52:35,287 [INFO] iteration : 81 / last 5 cross_signals : [0, 0, 0, 0, 0]
2022-06-30 23:52:45,472 [INFO] iteration : 82 / last 5 cross_signals : [0, 0, 0, 0, 0]
2022-06-30 23:52:55,621 [INFO] iteration : 83 / last 5 cross_signals : [0, 0, 0, 0, 0]
2022-06-30 23:53:05,772 [INFO] iteration : 84 / last 5 cross_signals : [0, 0, 0, 0, 0]
2022-06-30 23:53:15,942 [INFO] iteration : 85 / last 5 cross_signals : [0, 0, 0, 0, 0]
2022-06-30 23:53:26,134 [INFO] iteration : 86 / last 5 cross_signals : [0, 0, 0, 0, 0]
2022-06-30 23:53:36,290 [INFO] iteration : 87 / last 5 cross_signals : [0, 0, 0, 0, 0]
2022-06-30 23:53:46,463 [INFO] iteration : 88 / last 5 cross_signals : [0, 0, 0, 0, 0]
2022-06-30 23:53:56,650 [INFO] iteration : 89 / last 5 cross_signals : [0, 0, 0, 0, 0]
2022-06-30 23:54:06,814 [INFO] iteration : 90 / last 5 cross_signals : [0, 0, 0, 0, 0]
2022-06-30 23:54:17,005 [INFO] iteration : 91 / last 5 cross_signals : [0, 0, 0, 0, 0]
2022-06-30 23:54:27,189 [INFO] iteration : 92 / last 5 cross_signals : [0, 0, 0, 0, 0]
2022-06-30 23:54:37,345 [INFO] iteration : 93 / last 5 cross_signals : [0, 0, 0, 0, 0]
2022-06-30 23:54:47,531 [INFO] iteration : 94 / last 5 cross_signals : [0, 0, 0, 0, 0]
2022-06-30 23:54:57,689 [INFO] iteration : 95 / last 5 cross_signals : [0, 0, 0, 0, 0]
2022-06-30 23:55:07,862 [INFO] iteration : 96 / last 5 cross_signals : [0, 0, 0, 0, 0]
2022-06-30 23:55:18,040 [INFO] iteration : 97 / last 5 cross_signals : [0, 0, 0, 0, 0]
2022-06-30 23:55:28,190 [INFO] iteration : 98 / last 5 cross_signals : [0, 0, 0, 0, 0]
2022-06-30 23:55:38,392 [INFO] iteration : 99 / last 5 cross_signals : [0, 0, 0, 0, 0]
2022-06-30 23:55:48,552 [INFO] iteration : 100 / last 5 cross_signals : [0, 0, 0, 0, 0]
2022-06-30 23:55:58,762 [INFO] iteration : 101 / last 5 cross_signals : [0, 0, 0, 0, 0]
2022-06-30 23:56:08,938 [INFO] iteration : 102 / last 5 cross_signals : [0, 0, 0, 0, 0]
2022-06-30 23:56:19,110 [INFO] iteration : 103 / last 5 cross_signals : [0, 0, 0, 0, 0]
2022-06-30 23:56:29,401 [INFO] iteration : 104 / last 5 cross_signals : [0, 0, 0, 0, 0]
2022-06-30 23:56:39,605 [INFO] iteration : 105 / last 5 cross_signals : [0, 0, 0, 0, 0]
2022-06-30 23:56:49,776 [INFO] iteration : 106 / last 5 cross_signals : [0, 0, 0, 0, 0]
2022-06-30 23:56:59,964 [INFO] iteration : 107 / last 5 cross_signals : [0, 0, 0, 0, 0]
2022-06-30 23:57:10,170 [INFO] iteration : 108 / last 5 cross_signals : [0, 0, 0, 0, 0]
2022-06-30 23:57:20,414 [INFO] iteration : 109 / last 5 cross_signals : [0, 0, 0, 0, 0]
2022-06-30 23:57:30,611 [INFO] iteration : 110 / last 5 cross_signals : [0, 0, 0, 0, 0]
2022-06-30 23:57:40,825 [INFO] iteration : 111 / last 5 cross_signals : [0, 0, 0, 0, 0]
2022-06-30 23:57:50,982 [INFO] iteration : 112 / last 5 cross_signals : [0, 0, 0, 0, 0]
2022-06-30 23:58:01,235 [INFO] iteration : 113 / last 5 cross_signals : [0, 0, 0, 0, 0]
2022-06-30 23:58:11,417 [INFO] iteration : 114 / last 5 cross_signals : [0, 0, 0, 0, 0]
2022-06-30 23:58:21,617 [INFO] iteration : 115 / last 5 cross_signals : [0, 0, 0, 0, 0]
2022-06-30 23:58:31,818 [INFO] iteration : 116 / last 5 cross_signals : [0, 0, 0, 0, 0]
2022-06-30 23:58:42,026 [INFO] iteration : 117 / last 5 cross_signals : [0, 0, 0, 0, 0]
2022-06-30 23:58:52,218 [INFO] iteration : 118 / last 5 cross_signals : [0, 0, 0, 0, 0]
2022-06-30 23:59:02,393 [INFO] iteration : 119 / last 5 cross_signals : [0, 0, 0, 0, 0]
2022-06-30 23:59:12,595 [INFO] iteration : 120 / last 5 cross_signals : [0, 0, 0, 0, 0]
2022-06-30 23:59:22,824 [INFO] iteration : 121 / last 5 cross_signals : [0, 0, 0, 0, 0]
2022-06-30 23:59:32,988 [INFO] iteration : 122 / last 5 cross_signals : [0, 0, 0, 0, 0]
2022-06-30 23:59:43,199 [INFO] iteration : 123 / last 5 cross_signals : [0, 0, 0, 0, 0]
2022-06-30 23:59:53,384 [INFO] iteration : 124 / last 5 cross_signals : [0, 0, 0, 0, 0]
2022-07-01 00:00:03,555 [INFO] iteration : 125 / last 5 cross_signals : [0, 0, 0, 0, 0]
2022-07-01 00:00:13,719 [INFO] iteration : 126 / last 5 cross_signals : [0, 0, 0, 0, 0]
2022-07-01 00:00:23,899 [INFO] iteration : 127 / last 5 cross_signals : [0, 0, 0, 0, 0]
2022-07-01 00:00:34,124 [INFO] iteration : 128 / last 5 cross_signals : [0, 0, 0, 0, 0]
2022-07-01 00:00:44,278 [INFO] iteration : 129 / last 5 cross_signals : [0, 0, 0, 0, 0]
2022-07-01 00:00:54,433 [INFO] iteration : 130 / last 5 cross_signals : [0, 0, 0, 0, 0]
2022-07-01 00:01:04,604 [INFO] iteration : 131 / last 5 cross_signals : [0, 0, 0, 0, 0]
2022-07-01 00:01:14,763 [INFO] iteration : 132 / last 5 cross_signals : [0, 0, 0, 0, 0]
2022-07-01 00:01:24,962 [INFO] iteration : 133 / last 5 cross_signals : [0, 0, 0, 0, 0]
2022-07-01 00:01:35,182 [INFO] iteration : 134 / last 5 cross_signals : [0, 0, 0, 0, 0]
2022-07-01 00:01:45,371 [INFO] iteration : 135 / last 5 cross_signals : [0, 0, 0, 0, -1]
2022-07-01 00:01:45,371 [INFO]   > Signal 발생 : -1
2022-07-01 00:01:45,372 [INFO]   > 최근 포지션 open time : 2022-06-30 14:45:26.762223+00:00 / current : 2022-06-30 15:01:45.371911+00:00
2022-07-01 00:01:45,373 [INFO]   > 신규 포지션 진입 완료.
2022-07-01 00:01:45,380 [INFO]   > 현재 포지션 정보
    symbol                         open_time open_quote_asset_price  ...                        close_time info     ratio
0  BTCUSDT  2022-06-30 14:39:08.422156+00:00           19022.349609  ...  2022-06-30 14:42:12.756000+00:00    0  0.999719
1  BTCUSDT  2022-06-30 14:45:26.762223+00:00           19038.609375  ...  2022-06-30 14:48:31.057000+00:00    0  0.999478
2  BTCUSDT  2022-06-30 15:01:45.372073+00:00           19107.259766  ...  2022-06-30 15:01:45.372073+00:00    0       1.0

[3 rows x 9 columns]
2022-07-01 00:01:56,961 [INFO] iteration : 136 / last 5 cross_signals : [0, 0, 0, 0, -1]
2022-07-01 00:01:56,961 [INFO]   > Signal 발생 : -1
2022-07-01 00:01:56,961 [INFO]   > 최근 포지션 open time : 2022-06-30 15:01:45.372073+00:00 / current : 2022-06-30 15:01:56.961417+00:00
2022-07-01 00:01:56,961 [INFO]   > 최근 0:05:00 분 내 진입한 포지션 있음. (차이 : 0:00:00)
2022-07-01 00:02:07,163 [INFO] iteration : 137 / last 5 cross_signals : [0, 0, 0, 0, -1]
2022-07-01 00:02:07,163 [INFO]   > Signal 발생 : -1
2022-07-01 00:02:07,164 [INFO]   > 최근 포지션 open time : 2022-06-30 15:01:45.372073+00:00 / current : 2022-06-30 15:02:07.163917+00:00
2022-07-01 00:02:07,164 [INFO]   > 최근 0:05:00 분 내 진입한 포지션 있음. (차이 : 0:01:00)
2022-07-01 00:02:17,341 [INFO] iteration : 138 / last 5 cross_signals : [0, 0, 0, 0, -1]
2022-07-01 00:02:17,341 [INFO]   > Signal 발생 : -1
2022-07-01 00:02:17,341 [INFO]   > 최근 포지션 open time : 2022-06-30 15:01:45.372073+00:00 / current : 2022-06-30 15:02:17.341740+00:00
2022-07-01 00:02:17,341 [INFO]   > 최근 0:05:00 분 내 진입한 포지션 있음. (차이 : 0:01:00)
2022-07-01 00:02:27,545 [INFO] iteration : 139 / last 5 cross_signals : [0, 0, 0, 0, -1]
2022-07-01 00:02:27,545 [INFO]   > Signal 발생 : -1
2022-07-01 00:02:27,545 [INFO]   > 최근 포지션 open time : 2022-06-30 15:01:45.372073+00:00 / current : 2022-06-30 15:02:27.545216+00:00
2022-07-01 00:02:27,545 [INFO]   > 최근 0:05:00 분 내 진입한 포지션 있음. (차이 : 0:01:00)
2022-07-01 00:02:37,739 [INFO] iteration : 140 / last 5 cross_signals : [0, 0, 0, 0, 0]
2022-07-01 00:02:47,927 [INFO] iteration : 141 / last 5 cross_signals : [0, 0, 0, 0, 0]
2022-07-01 00:02:58,071 [INFO] iteration : 142 / last 5 cross_signals : [0, 0, 0, 0, -1]
2022-07-01 00:02:58,071 [INFO]   > Signal 발생 : -1
2022-07-01 00:02:58,071 [INFO]   > 최근 포지션 open time : 2022-06-30 15:01:45.372073+00:00 / current : 2022-06-30 15:02:58.071642+00:00
2022-07-01 00:02:58,071 [INFO]   > 최근 0:05:00 분 내 진입한 포지션 있음. (차이 : 0:01:00)
2022-07-01 00:03:08,237 [INFO] iteration : 143 / last 5 cross_signals : [0, 0, 0, -1, 1]
2022-07-01 00:03:08,237 [INFO]   > Signal 발생 : 1
2022-07-01 00:03:08,237 [INFO]   > 최근 포지션 open time : 2022-06-30 15:01:45.372073+00:00 / current : 2022-06-30 15:03:08.237797+00:00
2022-07-01 00:03:08,237 [INFO]   > 최근 0:05:00 분 내 진입한 포지션 있음. (차이 : 0:02:00)
2022-07-01 00:03:18,515 [INFO] iteration : 144 / last 5 cross_signals : [0, 0, 0, -1, 1]
2022-07-01 00:03:18,515 [INFO]   > Signal 발생 : 1
2022-07-01 00:03:18,515 [INFO]   > 최근 포지션 open time : 2022-06-30 15:01:45.372073+00:00 / current : 2022-06-30 15:03:18.515627+00:00
2022-07-01 00:03:18,515 [INFO]   > 최근 0:05:00 분 내 진입한 포지션 있음. (차이 : 0:02:00)
2022-07-01 00:03:28,703 [INFO] iteration : 145 / last 5 cross_signals : [0, 0, 0, -1, 1]
2022-07-01 00:03:28,704 [INFO]   > Signal 발생 : 1
2022-07-01 00:03:28,704 [INFO]   > 최근 포지션 open time : 2022-06-30 15:01:45.372073+00:00 / current : 2022-06-30 15:03:28.704169+00:00
2022-07-01 00:03:28,704 [INFO]   > 최근 0:05:00 분 내 진입한 포지션 있음. (차이 : 0:02:00)
2022-07-01 00:03:38,862 [INFO] iteration : 146 / last 5 cross_signals : [0, 0, 0, -1, 1]
2022-07-01 00:03:38,862 [INFO]   > Signal 발생 : 1
2022-07-01 00:03:38,862 [INFO]   > 최근 포지션 open time : 2022-06-30 15:01:45.372073+00:00 / current : 2022-06-30 15:03:38.862742+00:00
2022-07-01 00:03:38,862 [INFO]   > 최근 0:05:00 분 내 진입한 포지션 있음. (차이 : 0:02:00)
2022-07-01 00:03:49,043 [INFO] iteration : 147 / last 5 cross_signals : [0, 0, 0, -1, 1]
2022-07-01 00:03:49,043 [INFO]   > Signal 발생 : 1
2022-07-01 00:03:49,043 [INFO]   > 최근 포지션 open time : 2022-06-30 15:01:45.372073+00:00 / current : 2022-06-30 15:03:49.043219+00:00
2022-07-01 00:03:49,043 [INFO]   > 최근 0:05:00 분 내 진입한 포지션 있음. (차이 : 0:02:00)
2022-07-01 00:03:59,226 [INFO] iteration : 148 / last 5 cross_signals : [0, 0, 0, -1, 1]
2022-07-01 00:03:59,226 [INFO]   > Signal 발생 : 1
2022-07-01 00:03:59,226 [INFO]   > 최근 포지션 open time : 2022-06-30 15:01:45.372073+00:00 / current : 2022-06-30 15:03:59.226369+00:00
2022-07-01 00:03:59,226 [INFO]   > 최근 0:05:00 분 내 진입한 포지션 있음. (차이 : 0:02:00)
2022-07-01 00:04:09,456 [INFO] iteration : 149 / last 5 cross_signals : [0, 0, -1, 1, 0]
2022-07-01 00:04:19,613 [INFO] iteration : 150 / last 5 cross_signals : [0, 0, -1, 1, 0]
2022-07-01 00:04:29,814 [INFO] iteration : 151 / last 5 cross_signals : [0, 0, -1, 1, 0]
2022-07-01 00:04:40,008 [INFO] iteration : 152 / last 5 cross_signals : [0, 0, -1, 1, 0]
2022-07-01 00:04:50,167 [INFO] iteration : 153 / last 5 cross_signals : [0, 0, -1, 1, 0]
2022-07-01 00:04:50,214 [INFO]   > position index(2) 포지션 종료. 포지션 지속기간 초과.
2022-07-01 00:05:00,347 [INFO] iteration : 154 / last 5 cross_signals : [0, 0, -1, 1, 0]
2022-07-01 00:05:10,497 [INFO] iteration : 155 / last 5 cross_signals : [0, -1, 1, 0, -1]
2022-07-01 00:05:10,498 [INFO]   > Signal 발생 : -1
2022-07-01 00:05:10,498 [INFO]   > 최근 포지션 open time : 2022-06-30 15:01:45.372073+00:00 / current : 2022-06-30 15:05:10.498223+00:00
2022-07-01 00:05:10,498 [INFO]   > 최근 0:05:00 분 내 진입한 포지션 있음. (차이 : 0:04:00)
2022-07-01 00:05:20,649 [INFO] iteration : 156 / last 5 cross_signals : [0, -1, 1, 0, -1]
2022-07-01 00:05:20,649 [INFO]   > Signal 발생 : -1
2022-07-01 00:05:20,649 [INFO]   > 최근 포지션 open time : 2022-06-30 15:01:45.372073+00:00 / current : 2022-06-30 15:05:20.649558+00:00
2022-07-01 00:05:20,649 [INFO]   > 최근 0:05:00 분 내 진입한 포지션 있음. (차이 : 0:04:00)
2022-07-01 00:05:30,829 [INFO] iteration : 157 / last 5 cross_signals : [0, -1, 1, 0, -1]
2022-07-01 00:05:30,829 [INFO]   > Signal 발생 : -1
2022-07-01 00:05:30,829 [INFO]   > 최근 포지션 open time : 2022-06-30 15:01:45.372073+00:00 / current : 2022-06-30 15:05:30.829621+00:00
2022-07-01 00:05:30,829 [INFO]   > 최근 0:05:00 분 내 진입한 포지션 있음. (차이 : 0:04:00)
2022-07-01 00:05:41,012 [INFO] iteration : 158 / last 5 cross_signals : [0, -1, 1, 0, 0]
2022-07-01 00:05:51,198 [INFO] iteration : 159 / last 5 cross_signals : [0, -1, 1, 0, 0]
2022-07-01 00:06:01,348 [INFO] iteration : 160 / last 5 cross_signals : [0, -1, 1, 0, 0]
2022-07-01 00:06:11,510 [INFO] iteration : 161 / last 5 cross_signals : [-1, 1, 0, 0, 0]
2022-07-01 00:06:21,664 [INFO] iteration : 162 / last 5 cross_signals : [-1, 1, 0, 0, 0]
2022-07-01 00:06:31,852 [INFO] iteration : 163 / last 5 cross_signals : [-1, 1, 0, 0, 0]
2022-07-01 00:06:42,043 [INFO] iteration : 164 / last 5 cross_signals : [-1, 1, 0, 0, 0]
2022-07-01 00:06:52,245 [INFO] iteration : 165 / last 5 cross_signals : [-1, 1, 0, 0, 0]
2022-07-01 00:07:02,400 [INFO] iteration : 166 / last 5 cross_signals : [1, 0, 0, 0, 0]
2022-07-01 00:07:12,582 [INFO] iteration : 167 / last 5 cross_signals : [1, 0, 0, 0, 0]
2022-07-01 00:07:22,740 [INFO] iteration : 168 / last 5 cross_signals : [1, 0, 0, 0, 0]
2022-07-01 00:07:32,918 [INFO] iteration : 169 / last 5 cross_signals : [1, 0, 0, 0, 0]
2022-07-01 00:07:43,086 [INFO] iteration : 170 / last 5 cross_signals : [1, 0, 0, 0, 0]
2022-07-01 00:07:53,269 [INFO] iteration : 171 / last 5 cross_signals : [1, 0, 0, 0, 0]
2022-07-01 00:08:03,456 [INFO] iteration : 172 / last 5 cross_signals : [0, 0, 0, 0, 0]
2022-07-01 00:08:13,655 [INFO] iteration : 173 / last 5 cross_signals : [0, 0, 0, 0, 0]
2022-07-01 00:08:23,810 [INFO] iteration : 174 / last 5 cross_signals : [0, 0, 0, 0, 0]
2022-07-01 00:08:34,002 [INFO] iteration : 175 / last 5 cross_signals : [0, 0, 0, 0, 0]
2022-07-01 00:08:44,189 [INFO] iteration : 176 / last 5 cross_signals : [0, 0, 0, 0, 0]
2022-07-01 00:08:54,365 [INFO] iteration : 177 / last 5 cross_signals : [0, 0, 0, 0, 0]
2022-07-01 00:09:04,556 [INFO] iteration : 178 / last 5 cross_signals : [0, 0, 0, 0, 0]
2022-07-01 00:09:14,714 [INFO] iteration : 179 / last 5 cross_signals : [0, 0, 0, 0, 0]
2022-07-01 00:09:24,878 [INFO] iteration : 180 / last 5 cross_signals : [0, 0, 0, 0, 0]
2022-07-01 00:09:35,068 [INFO] iteration : 181 / last 5 cross_signals : [0, 0, 0, 0, 0]
2022-07-01 00:09:45,309 [INFO] iteration : 182 / last 5 cross_signals : [0, 0, 0, 0, 0]
2022-07-01 00:09:55,489 [INFO] iteration : 183 / last 5 cross_signals : [0, 0, 0, 0, 0]
2022-07-01 00:10:05,647 [INFO] iteration : 184 / last 5 cross_signals : [0, 0, 0, 0, 0]
2022-07-01 00:10:15,844 [INFO] iteration : 185 / last 5 cross_signals : [0, 0, 0, 0, 0]
2022-07-01 00:10:26,031 [INFO] iteration : 186 / last 5 cross_signals : [0, 0, 0, 0, 0]
2022-07-01 00:10:36,213 [INFO] iteration : 187 / last 5 cross_signals : [0, 0, 0, 0, 0]
2022-07-01 00:10:46,407 [INFO] iteration : 188 / last 5 cross_signals : [0, 0, 0, 0, 0]
2022-07-01 00:10:56,567 [INFO] iteration : 189 / last 5 cross_signals : [0, 0, 0, 0, 0]
2022-07-01 00:11:06,753 [INFO] iteration : 190 / last 5 cross_signals : [0, 0, 0, 0, 0]
2022-07-01 00:11:16,908 [INFO] iteration : 191 / last 5 cross_signals : [0, 0, 0, 0, 0]
2022-07-01 00:11:27,099 [INFO] iteration : 192 / last 5 cross_signals : [0, 0, 0, 0, 0]
2022-07-01 00:11:37,247 [INFO] iteration : 193 / last 5 cross_signals : [0, 0, 0, 0, 0]
2022-07-01 00:11:47,439 [INFO] iteration : 194 / last 5 cross_signals : [0, 0, 0, 0, 0]
2022-07-01 00:11:57,593 [INFO] iteration : 195 / last 5 cross_signals : [0, 0, 0, 0, 0]
2022-07-01 00:12:07,791 [INFO] iteration : 196 / last 5 cross_signals : [0, 0, 0, 0, -1]
2022-07-01 00:12:07,791 [INFO]   > Signal 발생 : -1
2022-07-01 00:12:07,791 [INFO]   > 최근 포지션 open time : 2022-06-30 15:01:45.372073+00:00 / current : 2022-06-30 15:12:07.791632+00:00
2022-07-01 00:12:07,793 [INFO]   > 신규 포지션 진입 완료.
2022-07-01 00:12:07,800 [INFO]   > 현재 포지션 정보
    symbol                         open_time open_quote_asset_price  ...                        close_time info     ratio
0  BTCUSDT  2022-06-30 14:39:08.422156+00:00           19022.349609  ...  2022-06-30 14:42:12.756000+00:00    0  0.999719
1  BTCUSDT  2022-06-30 14:45:26.762223+00:00           19038.609375  ...  2022-06-30 14:48:31.057000+00:00    0  0.999478
2  BTCUSDT  2022-06-30 15:01:45.372073+00:00           19107.259766  ...  2022-06-30 15:04:49.692000+00:00    0  1.000591
3  BTCUSDT  2022-06-30 15:12:07.791797+00:00           19126.550781  ...  2022-06-30 15:12:07.791797+00:00    0       1.0

[4 rows x 9 columns]
2022-07-01 00:12:18,680 [INFO] iteration : 197 / last 5 cross_signals : [0, 0, 0, 0, -1]
2022-07-01 00:12:18,680 [INFO]   > Signal 발생 : -1
2022-07-01 00:12:18,680 [INFO]   > 최근 포지션 open time : 2022-06-30 15:12:07.791797+00:00 / current : 2022-06-30 15:12:18.680435+00:00
2022-07-01 00:12:18,680 [INFO]   > 최근 0:05:00 분 내 진입한 포지션 있음. (차이 : 0:00:00)
2022-07-01 00:12:28,875 [INFO] iteration : 198 / last 5 cross_signals : [0, 0, 0, 0, -1]
2022-07-01 00:12:28,875 [INFO]   > Signal 발생 : -1
2022-07-01 00:12:28,875 [INFO]   > 최근 포지션 open time : 2022-06-30 15:12:07.791797+00:00 / current : 2022-06-30 15:12:28.875521+00:00
2022-07-01 00:12:28,875 [INFO]   > 최근 0:05:00 분 내 진입한 포지션 있음. (차이 : 0:00:00)
2022-07-01 00:12:39,029 [INFO] iteration : 199 / last 5 cross_signals : [0, 0, 0, 0, -1]
2022-07-01 00:12:39,030 [INFO]   > Signal 발생 : -1
2022-07-01 00:12:39,030 [INFO]   > 최근 포지션 open time : 2022-06-30 15:12:07.791797+00:00 / current : 2022-06-30 15:12:39.030051+00:00
2022-07-01 00:12:39,030 [INFO]   > 최근 0:05:00 분 내 진입한 포지션 있음. (차이 : 0:00:00)
2022-07-01 00:12:49,205 [INFO] iteration : 200 / last 5 cross_signals : [0, 0, 0, 0, -1]
2022-07-01 00:12:49,205 [INFO]   > Signal 발생 : -1
2022-07-01 00:12:49,205 [INFO]   > 최근 포지션 open time : 2022-06-30 15:12:07.791797+00:00 / current : 2022-06-30 15:12:49.205156+00:00
2022-07-01 00:12:49,205 [INFO]   > 최근 0:05:00 분 내 진입한 포지션 있음. (차이 : 0:00:00)
2022-07-01 00:12:59,383 [INFO] iteration : 201 / last 5 cross_signals : [0, 0, 0, 0, -1]
2022-07-01 00:12:59,384 [INFO]   > Signal 발생 : -1
2022-07-01 00:12:59,384 [INFO]   > 최근 포지션 open time : 2022-06-30 15:12:07.791797+00:00 / current : 2022-06-30 15:12:59.384113+00:00
2022-07-01 00:12:59,384 [INFO]   > 최근 0:05:00 분 내 진입한 포지션 있음. (차이 : 0:00:00)
2022-07-01 00:13:09,567 [INFO] iteration : 202 / last 5 cross_signals : [0, 0, 0, -1, 0]
2022-07-01 00:13:19,749 [INFO] iteration : 203 / last 5 cross_signals : [0, 0, 0, -1, 0]
2022-07-01 00:13:29,912 [INFO] iteration : 204 / last 5 cross_signals : [0, 0, 0, -1, 0]
2022-07-01 00:13:40,062 [INFO] iteration : 205 / last 5 cross_signals : [0, 0, 0, -1, 0]
2022-07-01 00:13:50,250 [INFO] iteration : 206 / last 5 cross_signals : [0, 0, 0, -1, 0]
2022-07-01 00:14:00,409 [INFO] iteration : 207 / last 5 cross_signals : [0, 0, 0, -1, 0]
2022-07-01 00:14:10,585 [INFO] iteration : 208 / last 5 cross_signals : [0, 0, -1, 0, 0]
2022-07-01 00:14:20,735 [INFO] iteration : 209 / last 5 cross_signals : [0, 0, -1, 0, 0]
2022-07-01 00:14:30,887 [INFO] iteration : 210 / last 5 cross_signals : [0, 0, -1, 0, 1]
2022-07-01 00:14:30,887 [INFO]   > Signal 발생 : 1
2022-07-01 00:14:30,887 [INFO]   > 최근 포지션 open time : 2022-06-30 15:12:07.791797+00:00 / current : 2022-06-30 15:14:30.887807+00:00
2022-07-01 00:14:30,887 [INFO]   > 최근 0:05:00 분 내 진입한 포지션 있음. (차이 : 0:02:00)
2022-07-01 00:14:41,170 [INFO] iteration : 211 / last 5 cross_signals : [0, 0, -1, 0, 1]
2022-07-01 00:14:41,170 [INFO]   > Signal 발생 : 1
2022-07-01 00:14:41,170 [INFO]   > 최근 포지션 open time : 2022-06-30 15:12:07.791797+00:00 / current : 2022-06-30 15:14:41.170688+00:00
2022-07-01 00:14:41,170 [INFO]   > 최근 0:05:00 분 내 진입한 포지션 있음. (차이 : 0:02:00)
2022-07-01 00:14:51,332 [INFO] iteration : 212 / last 5 cross_signals : [0, 0, -1, 0, 1]
2022-07-01 00:14:51,332 [INFO]   > Signal 발생 : 1
2022-07-01 00:14:51,332 [INFO]   > 최근 포지션 open time : 2022-06-30 15:12:07.791797+00:00 / current : 2022-06-30 15:14:51.332365+00:00
2022-07-01 00:14:51,332 [INFO]   > 최근 0:05:00 분 내 진입한 포지션 있음. (차이 : 0:02:00)
2022-07-01 00:15:01,474 [INFO] iteration : 213 / last 5 cross_signals : [0, 0, -1, 0, 1]
2022-07-01 00:15:01,474 [INFO]   > Signal 발생 : 1
2022-07-01 00:15:01,474 [INFO]   > 최근 포지션 open time : 2022-06-30 15:12:07.791797+00:00 / current : 2022-06-30 15:15:01.474438+00:00
2022-07-01 00:15:01,474 [INFO]   > 최근 0:05:00 분 내 진입한 포지션 있음. (차이 : 0:03:00)
2022-07-01 00:15:11,662 [INFO] iteration : 214 / last 5 cross_signals : [0, -1, 0, 1, 0]
2022-07-01 00:15:11,709 [INFO]   > position index(3) 포지션 종료. 포지션 지속기간 초과.
2022-07-01 00:15:21,857 [INFO] iteration : 215 / last 5 cross_signals : [0, -1, 0, 1, 0]
2022-07-01 00:15:32,045 [INFO] iteration : 216 / last 5 cross_signals : [0, -1, 0, 1, 0]
2022-07-01 00:15:42,194 [INFO] iteration : 217 / last 5 cross_signals : [0, -1, 0, 1, 0]
2022-07-01 00:15:52,336 [INFO] iteration : 218 / last 5 cross_signals : [0, -1, 0, 1, 0]
2022-07-01 00:16:02,503 [INFO] iteration : 219 / last 5 cross_signals : [-1, 0, 1, 0, 0]
2022-07-01 00:16:12,661 [INFO] iteration : 220 / last 5 cross_signals : [-1, 0, 1, 0, 0]
2022-07-01 00:16:22,805 [INFO] iteration : 221 / last 5 cross_signals : [-1, 0, 1, 0, 0]
2022-07-01 00:16:32,999 [INFO] iteration : 222 / last 5 cross_signals : [-1, 0, 1, 0, 0]
2022-07-01 00:16:43,184 [INFO] iteration : 223 / last 5 cross_signals : [-1, 0, 1, 0, 0]
2022-07-01 00:16:53,376 [INFO] iteration : 224 / last 5 cross_signals : [-1, 0, 1, 0, 0]
2022-07-01 00:17:03,555 [INFO] iteration : 225 / last 5 cross_signals : [0, 1, 0, 0, -1]
2022-07-01 00:17:03,555 [INFO]   > Signal 발생 : -1
2022-07-01 00:17:03,555 [INFO]   > 최근 포지션 open time : 2022-06-30 15:12:07.791797+00:00 / current : 2022-06-30 15:17:03.555833+00:00
2022-07-01 00:17:03,556 [INFO]   > 최근 0:05:00 분 내 진입한 포지션 있음. (차이 : 0:05:00)
2022-07-01 00:17:13,704 [INFO] iteration : 226 / last 5 cross_signals : [0, 1, 0, 0, -1]
2022-07-01 00:17:13,704 [INFO]   > Signal 발생 : -1
2022-07-01 00:17:13,704 [INFO]   > 최근 포지션 open time : 2022-06-30 15:12:07.791797+00:00 / current : 2022-06-30 15:17:13.704414+00:00
2022-07-01 00:17:13,704 [INFO]   > 최근 0:05:00 분 내 진입한 포지션 있음. (차이 : 0:05:00)
2022-07-01 00:17:23,862 [INFO] iteration : 227 / last 5 cross_signals : [0, 1, 0, 0, 0]
2022-07-01 00:17:34,020 [INFO] iteration : 228 / last 5 cross_signals : [0, 1, 0, 0, 0]
2022-07-01 00:17:44,210 [INFO] iteration : 229 / last 5 cross_signals : [0, 1, 0, 0, 0]
2022-07-01 00:17:54,404 [INFO] iteration : 230 / last 5 cross_signals : [0, 1, 0, 0, 0]
2022-07-01 00:18:04,570 [INFO] iteration : 231 / last 5 cross_signals : [1, 0, 0, 0, 0]
2022-07-01 00:18:14,737 [INFO] iteration : 232 / last 5 cross_signals : [1, 0, 0, 0, 0]
2022-07-01 00:18:24,926 [INFO] iteration : 233 / last 5 cross_signals : [1, 0, 0, 0, 0]
2022-07-01 00:18:35,084 [INFO] iteration : 234 / last 5 cross_signals : [1, 0, 0, 0, 0]
2022-07-01 00:18:45,287 [INFO] iteration : 235 / last 5 cross_signals : [1, 0, 0, 0, -1]
2022-07-01 00:18:45,288 [INFO]   > Signal 발생 : -1
2022-07-01 00:18:45,288 [INFO]   > 최근 포지션 open time : 2022-06-30 15:12:07.791797+00:00 / current : 2022-06-30 15:18:45.288120+00:00
2022-07-01 00:18:45,289 [INFO]   > 신규 포지션 진입 완료.
2022-07-01 00:18:45,296 [INFO]   > 현재 포지션 정보
    symbol                         open_time open_quote_asset_price  ...                        close_time info     ratio
0  BTCUSDT  2022-06-30 14:39:08.422156+00:00           19022.349609  ...  2022-06-30 14:42:12.756000+00:00    0  0.999719
1  BTCUSDT  2022-06-30 14:45:26.762223+00:00           19038.609375  ...  2022-06-30 14:48:31.057000+00:00    0  0.999478
2  BTCUSDT  2022-06-30 15:01:45.372073+00:00           19107.259766  ...  2022-06-30 15:04:49.692000+00:00    0  1.000591
3  BTCUSDT  2022-06-30 15:12:07.791797+00:00           19126.550781  ...  2022-06-30 15:15:11.434000+00:00    0  1.002095
4  BTCUSDT  2022-06-30 15:18:45.288261+00:00                19146.0  ...  2022-06-30 15:18:45.288261+00:00   -1       1.0

[5 rows x 9 columns]
2022-07-01 00:18:56,134 [INFO] iteration : 236 / last 5 cross_signals : [1, 0, 0, 0, -1]
2022-07-01 00:18:56,134 [INFO]   > Signal 발생 : -1
2022-07-01 00:18:56,134 [INFO]   > 최근 포지션 open time : 2022-06-30 15:18:45.288261+00:00 / current : 2022-06-30 15:18:56.134729+00:00
2022-07-01 00:18:56,134 [INFO]   > 최근 0:05:00 분 내 진입한 포지션 있음. (차이 : 0:00:00)
2022-07-01 00:19:06,324 [INFO] iteration : 237 / last 5 cross_signals : [0, 0, 0, -1, 0]
2022-07-01 00:19:16,515 [INFO] iteration : 238 / last 5 cross_signals : [0, 0, 0, -1, 0]
2022-07-01 00:19:26,685 [INFO] iteration : 239 / last 5 cross_signals : [0, 0, 0, -1, 0]
2022-07-01 00:19:36,878 [INFO] iteration : 240 / last 5 cross_signals : [0, 0, 0, -1, 0]
2022-07-01 00:19:47,066 [INFO] iteration : 241 / last 5 cross_signals : [0, 0, 0, -1, 0]
2022-07-01 00:19:57,223 [INFO] iteration : 242 / last 5 cross_signals : [0, 0, 0, -1, 0]
2022-07-01 00:20:07,395 [INFO] iteration : 243 / last 5 cross_signals : [0, 0, -1, 0, 0]
2022-07-01 00:20:17,576 [INFO] iteration : 244 / last 5 cross_signals : [0, 0, -1, 0, 0]
2022-07-01 00:20:27,774 [INFO] iteration : 245 / last 5 cross_signals : [0, 0, -1, 0, 0]
2022-07-01 00:20:37,920 [INFO] iteration : 246 / last 5 cross_signals : [0, 0, -1, 0, 0]
2022-07-01 00:20:48,117 [INFO] iteration : 247 / last 5 cross_signals : [0, 0, -1, 0, 0]
2022-07-01 00:20:58,303 [INFO] iteration : 248 / last 5 cross_signals : [0, 0, -1, 0, 0]
2022-07-01 00:21:08,492 [INFO] iteration : 249 / last 5 cross_signals : [0, -1, 0, 0, 0]
2022-07-01 00:21:18,660 [INFO] iteration : 250 / last 5 cross_signals : [0, -1, 0, 0, 0]
2022-07-01 00:21:28,819 [INFO] iteration : 251 / last 5 cross_signals : [0, -1, 0, 0, 0]
2022-07-01 00:21:39,010 [INFO] iteration : 252 / last 5 cross_signals : [0, -1, 0, 0, 0]
2022-07-01 00:21:49,190 [INFO] iteration : 253 / last 5 cross_signals : [0, -1, 0, 0, 0]
2022-07-01 00:21:49,237 [INFO]   > position index(4) 포지션 종료. 포지션 지속기간 초과.
2022-07-01 00:21:59,379 [INFO] iteration : 254 / last 5 cross_signals : [0, -1, 0, 0, 0]
2022-07-01 00:22:09,586 [INFO] iteration : 255 / last 5 cross_signals : [-1, 0, 0, 0, 0]
2022-07-01 00:22:19,867 [INFO] iteration : 256 / last 5 cross_signals : [-1, 0, 0, 0, 0]
2022-07-01 00:22:30,051 [INFO] iteration : 257 / last 5 cross_signals : [-1, 0, 0, 0, 0]
2022-07-01 00:22:40,203 [INFO] iteration : 258 / last 5 cross_signals : [-1, 0, 0, 0, 0]
2022-07-01 00:22:50,504 [INFO] iteration : 259 / last 5 cross_signals : [-1, 0, 0, 0, 0]
2022-07-01 00:23:00,674 [INFO] iteration : 260 / last 5 cross_signals : [-1, 0, 0, 0, 0]
2022-07-01 00:23:10,868 [INFO] iteration : 261 / last 5 cross_signals : [0, 0, 0, 0, 1]
2022-07-01 00:23:10,868 [INFO]   > Signal 발생 : 1
2022-07-01 00:23:10,868 [INFO]   > 최근 포지션 open time : 2022-06-30 15:18:45.288261+00:00 / current : 2022-06-30 15:23:10.868745+00:00
2022-07-01 00:23:10,868 [INFO]   > 최근 0:05:00 분 내 진입한 포지션 있음. (차이 : 0:05:00)
2022-07-01 00:23:21,066 [INFO] iteration : 262 / last 5 cross_signals : [0, 0, 0, 0, 1]
2022-07-01 00:23:21,066 [INFO]   > Signal 발생 : 1
2022-07-01 00:23:21,066 [INFO]   > 최근 포지션 open time : 2022-06-30 15:18:45.288261+00:00 / current : 2022-06-30 15:23:21.066904+00:00
2022-07-01 00:23:21,067 [INFO]   > 최근 0:05:00 분 내 진입한 포지션 있음. (차이 : 0:05:00)
2022-07-01 00:23:31,228 [INFO] iteration : 263 / last 5 cross_signals : [0, 0, 0, 0, 1]
2022-07-01 00:23:31,228 [INFO]   > Signal 발생 : 1
2022-07-01 00:23:31,229 [INFO]   > 최근 포지션 open time : 2022-06-30 15:18:45.288261+00:00 / current : 2022-06-30 15:23:31.228958+00:00
2022-07-01 00:23:31,229 [INFO]   > 최근 0:05:00 분 내 진입한 포지션 있음. (차이 : 0:05:00)
2022-07-01 00:23:41,509 [INFO] iteration : 264 / last 5 cross_signals : [0, 0, 0, 0, 1]
2022-07-01 00:23:41,509 [INFO]   > Signal 발생 : 1
2022-07-01 00:23:41,509 [INFO]   > 최근 포지션 open time : 2022-06-30 15:18:45.288261+00:00 / current : 2022-06-30 15:23:41.509180+00:00
2022-07-01 00:23:41,509 [INFO]   > 최근 0:05:00 분 내 진입한 포지션 있음. (차이 : 0:05:00)
2022-07-01 00:23:51,763 [INFO] iteration : 265 / last 5 cross_signals : [0, 0, 0, 0, 1]
2022-07-01 00:23:51,763 [INFO]   > Signal 발생 : 1
2022-07-01 00:23:51,764 [INFO]   > 최근 포지션 open time : 2022-06-30 15:18:45.288261+00:00 / current : 2022-06-30 15:23:51.763984+00:00
2022-07-01 00:23:51,764 [INFO]   > 최근 0:05:00 분 내 진입한 포지션 있음. (차이 : 0:05:00)
2022-07-01 00:24:01,947 [INFO] iteration : 266 / last 5 cross_signals : [0, 0, 0, 1, 0]
2022-07-01 00:24:12,127 [INFO] iteration : 267 / last 5 cross_signals : [0, 0, 0, 1, 0]
2022-07-01 00:24:22,306 [INFO] iteration : 268 / last 5 cross_signals : [0, 0, 0, 1, 0]
2022-07-01 00:24:32,468 [INFO] iteration : 269 / last 5 cross_signals : [0, 0, 0, 1, 0]
2022-07-01 00:24:42,770 [INFO] iteration : 270 / last 5 cross_signals : [0, 0, 0, 1, 0]
2022-07-01 00:24:52,964 [INFO] iteration : 271 / last 5 cross_signals : [0, 0, 0, 1, 0]
2022-07-01 00:25:03,180 [INFO] iteration : 272 / last 5 cross_signals : [0, 0, 1, 0, 0]
2022-07-01 00:25:13,336 [INFO] iteration : 273 / last 5 cross_signals : [0, 0, 1, 0, 0]
2022-07-01 00:25:23,497 [INFO] iteration : 274 / last 5 cross_signals : [0, 0, 1, 0, 0]
2022-07-01 00:25:33,654 [INFO] iteration : 275 / last 5 cross_signals : [0, 0, 1, 0, 0]
2022-07-01 00:25:43,956 [INFO] iteration : 276 / last 5 cross_signals : [0, 0, 1, 0, 0]
2022-07-01 00:25:54,114 [INFO] iteration : 277 / last 5 cross_signals : [0, 0, 1, 0, 0]
2022-07-01 00:26:04,305 [INFO] iteration : 278 / last 5 cross_signals : [0, 1, 0, 0, 0]
2022-07-01 00:26:14,490 [INFO] iteration : 279 / last 5 cross_signals : [0, 1, 0, 0, 0]
2022-07-01 00:26:24,689 [INFO] iteration : 280 / last 5 cross_signals : [0, 1, 0, 0, 0]
2022-07-01 00:26:34,864 [INFO] iteration : 281 / last 5 cross_signals : [0, 1, 0, 0, 0]
2022-07-01 00:26:45,049 [INFO] iteration : 282 / last 5 cross_signals : [0, 1, 0, 0, 0]
2022-07-01 00:26:55,344 [INFO] iteration : 283 / last 5 cross_signals : [0, 1, 0, 0, 0]
2022-07-01 00:27:05,515 [INFO] iteration : 284 / last 5 cross_signals : [1, 0, 0, 0, 0]
2022-07-01 00:27:15,702 [INFO] iteration : 285 / last 5 cross_signals : [1, 0, 0, 0, 0]
2022-07-01 00:27:25,862 [INFO] iteration : 286 / last 5 cross_signals : [1, 0, 0, 0, 0]
2022-07-01 00:27:36,062 [INFO] iteration : 287 / last 5 cross_signals : [1, 0, 0, 0, 0]
2022-07-01 00:27:46,255 [INFO] iteration : 288 / last 5 cross_signals : [1, 0, 0, 0, 0]
2022-07-01 00:27:56,449 [INFO] iteration : 289 / last 5 cross_signals : [1, 0, 0, 0, 0]
2022-07-01 00:28:06,611 [INFO] iteration : 290 / last 5 cross_signals : [0, 0, 0, 0, 0]
2022-07-01 00:28:16,794 [INFO] iteration : 291 / last 5 cross_signals : [0, 0, 0, 0, 0]
2022-07-01 00:28:26,966 [INFO] iteration : 292 / last 5 cross_signals : [0, 0, 0, 0, 0]
2022-07-01 00:28:37,151 [INFO] iteration : 293 / last 5 cross_signals : [0, 0, 0, 0, 0]
2022-07-01 00:28:47,438 [INFO] iteration : 294 / last 5 cross_signals : [0, 0, 0, 0, 0]
2022-07-01 00:28:57,587 [INFO] iteration : 295 / last 5 cross_signals : [0, 0, 0, 0, 0]
2022-07-01 00:29:07,778 [INFO] iteration : 296 / last 5 cross_signals : [0, 0, 0, 0, 0]
2022-07-01 00:29:17,968 [INFO] iteration : 297 / last 5 cross_signals : [0, 0, 0, 0, 0]
2022-07-01 00:29:28,121 [INFO] iteration : 298 / last 5 cross_signals : [0, 0, 0, 0, 0]
2022-07-01 00:29:38,277 [INFO] iteration : 299 / last 5 cross_signals : [0, 0, 0, 0, 0]
2022-07-01 00:29:48,462 [INFO] iteration : 300 / last 5 cross_signals : [0, 0, 0, 0, 0]
2022-07-01 00:29:58,666 [INFO] iteration : 301 / last 5 cross_signals : [0, 0, 0, 0, 0]
2022-07-01 00:30:08,862 [INFO] iteration : 302 / last 5 cross_signals : [0, 0, 0, 0, -1]
2022-07-01 00:30:08,863 [INFO]   > Signal 발생 : -1
2022-07-01 00:30:08,863 [INFO]   > 최근 포지션 open time : 2022-06-30 15:18:45.288261+00:00 / current : 2022-06-30 15:30:08.863158+00:00
2022-07-01 00:30:08,865 [INFO]   > 신규 포지션 진입 완료.
2022-07-01 00:30:08,871 [INFO]   > 현재 포지션 정보
    symbol                         open_time open_quote_asset_price  ...                        close_time info     ratio
0  BTCUSDT  2022-06-30 14:39:08.422156+00:00           19022.349609  ...  2022-06-30 14:42:12.756000+00:00    0  0.999719
1  BTCUSDT  2022-06-30 14:45:26.762223+00:00           19038.609375  ...  2022-06-30 14:48:31.057000+00:00    0  0.999478
2  BTCUSDT  2022-06-30 15:01:45.372073+00:00           19107.259766  ...  2022-06-30 15:04:49.692000+00:00    0  1.000591
3  BTCUSDT  2022-06-30 15:12:07.791797+00:00           19126.550781  ...  2022-06-30 15:15:11.434000+00:00    0  1.002095
4  BTCUSDT  2022-06-30 15:18:45.288261+00:00                19146.0  ...  2022-06-30 15:21:49.146000+00:00   -1  0.999132
5  BTCUSDT  2022-06-30 15:30:08.863322+00:00           19200.009766  ...  2022-06-30 15:30:08.863322+00:00    0       1.0

[6 rows x 9 columns]
2022-07-01 00:30:19,585 [INFO] iteration : 303 / last 5 cross_signals : [0, 0, 0, 0, -1]
2022-07-01 00:30:19,586 [INFO]   > Signal 발생 : -1
2022-07-01 00:30:19,586 [INFO]   > 최근 포지션 open time : 2022-06-30 15:30:08.863322+00:00 / current : 2022-06-30 15:30:19.586203+00:00
2022-07-01 00:30:19,586 [INFO]   > 최근 0:05:00 분 내 진입한 포지션 있음. (차이 : 0:00:00)
2022-07-01 00:30:29,721 [INFO] iteration : 304 / last 5 cross_signals : [0, 0, 0, 0, -1]
2022-07-01 00:30:29,721 [INFO]   > Signal 발생 : -1
2022-07-01 00:30:29,722 [INFO]   > 최근 포지션 open time : 2022-06-30 15:30:08.863322+00:00 / current : 2022-06-30 15:30:29.721934+00:00
2022-07-01 00:30:29,722 [INFO]   > 최근 0:05:00 분 내 진입한 포지션 있음. (차이 : 0:00:00)
2022-07-01 00:30:39,884 [INFO] iteration : 305 / last 5 cross_signals : [0, 0, 0, 0, -1]
2022-07-01 00:30:39,885 [INFO]   > Signal 발생 : -1
2022-07-01 00:30:39,885 [INFO]   > 최근 포지션 open time : 2022-06-30 15:30:08.863322+00:00 / current : 2022-06-30 15:30:39.885035+00:00
2022-07-01 00:30:39,885 [INFO]   > 최근 0:05:00 분 내 진입한 포지션 있음. (차이 : 0:00:00)
2022-07-01 00:30:50,077 [INFO] iteration : 306 / last 5 cross_signals : [0, 0, 0, 0, -1]
2022-07-01 00:30:50,077 [INFO]   > Signal 발생 : -1
2022-07-01 00:30:50,078 [INFO]   > 최근 포지션 open time : 2022-06-30 15:30:08.863322+00:00 / current : 2022-06-30 15:30:50.077941+00:00
2022-07-01 00:30:50,078 [INFO]   > 최근 0:05:00 분 내 진입한 포지션 있음. (차이 : 0:00:00)
2022-07-01 00:31:00,264 [INFO] iteration : 307 / last 5 cross_signals : [0, 0, 0, 0, 0]
2022-07-01 00:31:10,448 [INFO] iteration : 308 / last 5 cross_signals : [0, 0, 0, 0, -1]
2022-07-01 00:31:10,449 [INFO]   > Signal 발생 : -1
2022-07-01 00:31:10,449 [INFO]   > 최근 포지션 open time : 2022-06-30 15:30:08.863322+00:00 / current : 2022-06-30 15:31:10.449102+00:00
2022-07-01 00:31:10,449 [INFO]   > 최근 0:05:00 분 내 진입한 포지션 있음. (차이 : 0:01:00)
2022-07-01 00:31:20,595 [INFO] iteration : 309 / last 5 cross_signals : [0, 0, 0, 0, -1]
2022-07-01 00:31:20,596 [INFO]   > Signal 발생 : -1
2022-07-01 00:31:20,596 [INFO]   > 최근 포지션 open time : 2022-06-30 15:30:08.863322+00:00 / current : 2022-06-30 15:31:20.596354+00:00
2022-07-01 00:31:20,596 [INFO]   > 최근 0:05:00 분 내 진입한 포지션 있음. (차이 : 0:01:00)
2022-07-01 00:31:30,764 [INFO] iteration : 310 / last 5 cross_signals : [0, 0, 0, 0, -1]
2022-07-01 00:31:30,765 [INFO]   > Signal 발생 : -1
2022-07-01 00:31:30,765 [INFO]   > 최근 포지션 open time : 2022-06-30 15:30:08.863322+00:00 / current : 2022-06-30 15:31:30.765036+00:00
2022-07-01 00:31:30,765 [INFO]   > 최근 0:05:00 분 내 진입한 포지션 있음. (차이 : 0:01:00)
2022-07-01 00:31:40,921 [INFO] iteration : 311 / last 5 cross_signals : [0, 0, 0, 0, -1]
2022-07-01 00:31:40,922 [INFO]   > Signal 발생 : -1
2022-07-01 00:31:40,922 [INFO]   > 최근 포지션 open time : 2022-06-30 15:30:08.863322+00:00 / current : 2022-06-30 15:31:40.922104+00:00
2022-07-01 00:31:40,922 [INFO]   > 최근 0:05:00 분 내 진입한 포지션 있음. (차이 : 0:01:00)
2022-07-01 00:31:51,104 [INFO] iteration : 312 / last 5 cross_signals : [0, 0, 0, 0, -1]
2022-07-01 00:31:51,104 [INFO]   > Signal 발생 : -1
2022-07-01 00:31:51,105 [INFO]   > 최근 포지션 open time : 2022-06-30 15:30:08.863322+00:00 / current : 2022-06-30 15:31:51.104963+00:00
2022-07-01 00:31:51,105 [INFO]   > 최근 0:05:00 분 내 진입한 포지션 있음. (차이 : 0:01:00)
2022-07-01 00:32:01,287 [INFO] iteration : 313 / last 5 cross_signals : [0, 0, 0, 0, -1]
2022-07-01 00:32:01,287 [INFO]   > Signal 발생 : -1
2022-07-01 00:32:01,287 [INFO]   > 최근 포지션 open time : 2022-06-30 15:30:08.863322+00:00 / current : 2022-06-30 15:32:01.287502+00:00
2022-07-01 00:32:01,287 [INFO]   > 최근 0:05:00 분 내 진입한 포지션 있음. (차이 : 0:02:00)
2022-07-01 00:32:11,464 [INFO] iteration : 314 / last 5 cross_signals : [0, 0, 0, -1, 0]
2022-07-01 00:32:21,620 [INFO] iteration : 315 / last 5 cross_signals : [0, 0, 0, -1, 0]
2022-07-01 00:32:31,805 [INFO] iteration : 316 / last 5 cross_signals : [0, 0, 0, -1, 0]
2022-07-01 00:32:41,991 [INFO] iteration : 317 / last 5 cross_signals : [0, 0, 0, -1, 0]
2022-07-01 00:32:52,182 [INFO] iteration : 318 / last 5 cross_signals : [0, 0, 0, -1, 0]
2022-07-01 00:33:02,372 [INFO] iteration : 319 / last 5 cross_signals : [0, 0, -1, 0, 0]
2022-07-01 00:33:15,439 [INFO] iteration : 320 / last 5 cross_signals : [0, 0, -1, 0, 0]
2022-07-01 00:33:15,485 [INFO]   > position index(5) 포지션 종료. 포지션 지속기간 초과.
2022-07-01 00:33:25,592 [INFO] iteration : 321 / last 5 cross_signals : [0, 0, -1, 0, 0]
2022-07-01 00:33:35,865 [INFO] iteration : 322 / last 5 cross_signals : [0, 0, -1, 0, 0]
2022-07-01 00:33:46,133 [INFO] iteration : 323 / last 5 cross_signals : [0, 0, -1, 0, 0]
2022-07-01 00:33:56,319 [INFO] iteration : 324 / last 5 cross_signals : [0, 0, -1, 0, 0]
2022-07-01 00:49:40,956 [ERROR] ('Connection aborted.', RemoteDisconnected('Remote end closed connection without response'))
2022-07-01 00:49:51,106 [INFO] iteration : 326 / last 5 cross_signals : [0, 0, 0, 0, 0]
2022-07-01 00:50:01,589 [INFO] iteration : 327 / last 5 cross_signals : [0, 0, 0, 0, 0]
2022-07-01 00:50:12,162 [INFO] iteration : 328 / last 5 cross_signals : [0, 0, 0, 0, -1]
2022-07-01 00:50:12,162 [INFO]   > Signal 발생 : -1
2022-07-01 00:50:12,162 [INFO]   > 최근 포지션 open time : 2022-06-30 15:30:08.863322+00:00 / current : 2022-06-30 15:50:12.162228+00:00
2022-07-01 00:50:12,164 [INFO]   > 신규 포지션 진입 완료.
2022-07-01 00:50:12,171 [INFO]   > 현재 포지션 정보
    symbol                         open_time open_quote_asset_price  ...                        close_time info     ratio
0  BTCUSDT  2022-06-30 14:39:08.422156+00:00           19022.349609  ...  2022-06-30 14:42:12.756000+00:00    0  0.999719
1  BTCUSDT  2022-06-30 14:45:26.762223+00:00           19038.609375  ...  2022-06-30 14:48:31.057000+00:00    0  0.999478
2  BTCUSDT  2022-06-30 15:01:45.372073+00:00           19107.259766  ...  2022-06-30 15:04:49.692000+00:00    0  1.000591
3  BTCUSDT  2022-06-30 15:12:07.791797+00:00           19126.550781  ...  2022-06-30 15:15:11.434000+00:00    0  1.002095
4  BTCUSDT  2022-06-30 15:18:45.288261+00:00                19146.0  ...  2022-06-30 15:21:49.146000+00:00   -1  0.999132
5  BTCUSDT  2022-06-30 15:30:08.863322+00:00           19200.009766  ...  2022-06-30 15:33:15.096000+00:00    0  0.998423
6  BTCUSDT  2022-06-30 15:50:12.162390+00:00           19170.349609  ...  2022-06-30 15:50:12.162390+00:00    0       1.0

[7 rows x 9 columns]
